{
  "C:\\Users\\callari\\Git\\CodBi-Dev\\src\\main\\web\\packages\\form\\src\\index-codbi.ts": {
    "path": "C:\\Users\\callari\\Git\\CodBi-Dev\\src\\main\\web\\packages\\form\\src\\index-codbi.ts",
    "statementMap": {
      "0": { "start": { "line": 2, "column": 0 }, "end": { "line": 2, "column": 54 } },
      "1": { "start": { "line": 3, "column": 0 }, "end": { "line": 3, "column": 55 } },
      "2": { "start": { "line": 4, "column": 0 }, "end": { "line": 4, "column": 57 } },
      "3": { "start": { "line": 6, "column": 0 }, "end": { "line": 15, "column": 2 } },
      "4": { "start": { "line": 17, "column": 0 }, "end": { "line": 17, "column": 35 } },
      "5": { "start": { "line": 19, "column": 0 }, "end": { "line": 19, "column": 29 } }
    },
    "fnMap": {},
    "branchMap": {},
    "s": { "0": 0, "1": 0, "2": 0, "3": 0, "4": 0, "5": 0 },
    "f": {},
    "b": {}
  },
  "C:\\Users\\callari\\Git\\CodBi-Dev\\src\\main\\web\\packages\\form\\src\\index-config-template-default.ts": {
    "path": "C:\\Users\\callari\\Git\\CodBi-Dev\\src\\main\\web\\packages\\form\\src\\index-config-template-default.ts",
    "statementMap": {
      "0": { "start": { "line": 6, "column": 0 }, "end": { "line": 6, "column": 16 } },
      "1": { "start": { "line": 7, "column": 2 }, "end": { "line": 7, "column": 29 } },
      "2": { "start": { "line": 10, "column": 0 }, "end": { "line": 10, "column": 53 } },
      "3": { "start": { "line": 11, "column": 0 }, "end": { "line": 11, "column": 40 } }
    },
    "fnMap": {
      "0": {
        "name": "createConfigTemplate",
        "decl": { "start": { "line": 6, "column": 16 }, "end": { "line": 6, "column": 36 } },
        "loc": { "start": { "line": 6, "column": 36 }, "end": { "line": 8, "column": 1 } }
      }
    },
    "branchMap": {},
    "s": { "0": 0, "1": 0, "2": 0, "3": 0 },
    "f": { "0": 0 },
    "b": {}
  },
  "C:\\Users\\callari\\Git\\CodBi-Dev\\src\\main\\web\\packages\\form\\src\\index-config-template-xtensible.ts": {
    "path": "C:\\Users\\callari\\Git\\CodBi-Dev\\src\\main\\web\\packages\\form\\src\\index-config-template-xtensible.ts",
    "statementMap": {
      "0": { "start": { "line": 3, "column": 0 }, "end": { "line": 3, "column": 16 } },
      "1": { "start": { "line": 4, "column": 2 }, "end": { "line": 6, "column": 4 } },
      "2": { "start": { "line": 9, "column": 0 }, "end": { "line": 9, "column": 53 } }
    },
    "fnMap": {
      "0": {
        "name": "createConfigTemplate",
        "decl": { "start": { "line": 3, "column": 16 }, "end": { "line": 3, "column": 36 } },
        "loc": { "start": { "line": 3, "column": 36 }, "end": { "line": 7, "column": 1 } }
      }
    },
    "branchMap": {},
    "s": { "0": 0, "1": 0, "2": 0 },
    "f": { "0": 0 },
    "b": {}
  },
  "C:\\Users\\callari\\Git\\CodBi-Dev\\src\\main\\web\\packages\\form\\src\\js\\Logo.ts": {
    "path": "C:\\Users\\callari\\Git\\CodBi-Dev\\src\\main\\web\\packages\\form\\src\\js\\Logo.ts",
    "statementMap": {
      "0": { "start": { "line": 2, "column": 0 }, "end": { "line": 2, "column": 16 } },
      "1": { "start": { "line": 3, "column": 2 }, "end": { "line": 520, "column": 14 } }
    },
    "fnMap": {
      "0": {
        "name": "CodBiLogo",
        "decl": { "start": { "line": 2, "column": 16 }, "end": { "line": 2, "column": 25 } },
        "loc": { "start": { "line": 2, "column": 25 }, "end": { "line": 521, "column": 1 } }
      }
    },
    "branchMap": {},
    "s": { "0": 61, "1": 12 },
    "f": { "0": 12 },
    "b": {}
  },
  "C:\\Users\\callari\\Git\\CodBi-Dev\\src\\main\\web\\packages\\form\\src\\js\\code-library.ts": {
    "path": "C:\\Users\\callari\\Git\\CodBi-Dev\\src\\main\\web\\packages\\form\\src\\js\\code-library.ts",
    "statementMap": {
      "0": { "start": { "line": 5, "column": 0 }, "end": { "line": 5, "column": 16 } },
      "1": { "start": { "line": 1, "column": 0 }, "end": { "line": 1, "column": 54 } },
      "2": { "start": { "line": 6, "column": 2 }, "end": { "line": 14, "column": 3 } },
      "3": { "start": { "line": 7, "column": 4 }, "end": { "line": 13, "column": 7 } },
      "4": { "start": { "line": 8, "column": 6 }, "end": { "line": 12, "column": 7 } },
      "5": { "start": { "line": 9, "column": 8 }, "end": { "line": 9, "column": 38 } },
      "6": { "start": { "line": 11, "column": 8 }, "end": { "line": 11, "column": 39 } }
    },
    "fnMap": {
      "0": {
        "name": "onDocumentReady",
        "decl": { "start": { "line": 5, "column": 16 }, "end": { "line": 5, "column": 31 } },
        "loc": { "start": { "line": 5, "column": 31 }, "end": { "line": 15, "column": 1 } }
      },
      "1": {
        "name": "(anonymous_1)",
        "decl": { "start": { "line": 7, "column": 44 }, "end": { "line": 7, "column": 45 } },
        "loc": { "start": { "line": 7, "column": 50 }, "end": { "line": 13, "column": 5 } }
      }
    },
    "branchMap": {
      "0": {
        "loc": { "start": { "line": 6, "column": 2 }, "end": { "line": 14, "column": 3 } },
        "type": "if",
        "locations": [{ "start": { "line": 6, "column": 2 }, "end": { "line": 14, "column": 3 } }]
      },
      "1": {
        "loc": { "start": { "line": 8, "column": 6 }, "end": { "line": 12, "column": 7 } },
        "type": "if",
        "locations": [{ "start": { "line": 8, "column": 6 }, "end": { "line": 12, "column": 7 } }]
      }
    },
    "s": { "0": 0, "1": 0, "2": 0, "3": 0, "4": 0, "5": 0, "6": 0 },
    "f": { "0": 0, "1": 0 },
    "b": { "0": [0], "1": [0] }
  },
  "C:\\Users\\callari\\Git\\CodBi-Dev\\src\\main\\web\\packages\\form\\src\\js\\global-scope.ts": {
    "path": "C:\\Users\\callari\\Git\\CodBi-Dev\\src\\main\\web\\packages\\form\\src\\js\\global-scope.ts",
    "statementMap": {
      "0": { "start": { "line": 98, "column": 0 }, "end": { "line": 98, "column": 16 } },
      "1": { "start": { "line": 1733, "column": 0 }, "end": { "line": 1733, "column": 16 } },
      "2": { "start": { "line": 1752, "column": 0 }, "end": { "line": 1752, "column": 16 } },
      "3": { "start": { "line": 1791, "column": 0 }, "end": { "line": 1791, "column": 16 } },
      "4": { "start": { "line": 1, "column": 0 }, "end": { "line": 1, "column": 113 } },
      "5": { "start": { "line": 2, "column": 0 }, "end": { "line": 2, "column": 35 } },
      "6": { "start": { "line": 5, "column": 0 }, "end": { "line": 5, "column": 47 } },
      "7": { "start": { "line": 99, "column": 15 }, "end": { "line": 99, "column": 41 } },
      "8": { "start": { "line": 100, "column": 2 }, "end": { "line": 102, "column": 3 } },
      "9": { "start": { "line": 101, "column": 4 }, "end": { "line": 101, "column": 21 } },
      "10": { "start": { "line": 104, "column": 22 }, "end": { "line": 104, "column": 76 } },
      "11": { "start": { "line": 105, "column": 21 }, "end": { "line": 105, "column": 99 } },
      "12": { "start": { "line": 107, "column": 2 }, "end": { "line": 109, "column": 3 } },
      "13": { "start": { "line": 108, "column": 4 }, "end": { "line": 108, "column": 21 } },
      "14": { "start": { "line": 110, "column": 2 }, "end": { "line": 112, "column": 3 } },
      "15": { "start": { "line": 111, "column": 4 }, "end": { "line": 111, "column": 22 } },
      "16": { "start": { "line": 113, "column": 2 }, "end": { "line": 115, "column": 3 } },
      "17": { "start": { "line": 114, "column": 4 }, "end": { "line": 114, "column": 23 } },
      "18": { "start": { "line": 117, "column": 26 }, "end": { "line": 117, "column": 50 } },
      "19": { "start": { "line": 119, "column": 2 }, "end": { "line": 126, "column": 3 } },
      "20": { "start": { "line": 120, "column": 29 }, "end": { "line": 120, "column": 58 } },
      "21": { "start": { "line": 121, "column": 4 }, "end": { "line": 123, "column": 5 } },
      "22": { "start": { "line": 122, "column": 6 }, "end": { "line": 122, "column": 25 } },
      "23": { "start": { "line": 128, "column": 2 }, "end": { "line": 135, "column": 3 } },
      "24": { "start": { "line": 129, "column": 28 }, "end": { "line": 129, "column": 56 } },
      "25": { "start": { "line": 130, "column": 4 }, "end": { "line": 132, "column": 5 } },
      "26": { "start": { "line": 131, "column": 6 }, "end": { "line": 131, "column": 24 } },
      "27": { "start": { "line": 138, "column": 2 }, "end": { "line": 138, "column": 21 } },
      "28": { "start": { "line": 164, "column": 0 }, "end": { "line": 164, "column": 13 } },
      "29": { "start": { "line": 1595, "column": 4 }, "end": { "line": 1600, "column": null } },
      "30": { "start": { "line": 1601, "column": 4 }, "end": { "line": 1624, "column": null } },
      "31": { "start": { "line": 1594, "column": 2 }, "end": { "line": 1594, "column": null } },
      "32": { "start": { "line": 203, "column": 9 }, "end": { "line": 203, "column": 46 } },
      "33": { "start": { "line": 205, "column": 9 }, "end": { "line": 205, "column": 36 } },
      "34": { "start": { "line": 227, "column": 18 }, "end": { "line": 230, "column": 29 } },
      "35": { "start": { "line": 232, "column": 9 }, "end": { "line": 232, "column": 87 } },
      "36": { "start": { "line": 234, "column": 9 }, "end": { "line": 234, "column": 64 } },
      "37": { "start": { "line": 236, "column": 12 }, "end": { "line": 238, "column": 9 } },
      "38": { "start": { "line": 240, "column": 12 }, "end": { "line": 240, "column": 57 } },
      "39": { "start": { "line": 242, "column": 12 }, "end": { "line": 246, "column": 6 } },
      "40": { "start": { "line": 248, "column": 12 }, "end": { "line": 253, "column": 4 } },
      "41": { "start": { "line": 255, "column": 9 }, "end": { "line": 255, "column": 36 } },
      "42": { "start": { "line": 1533, "column": 9 }, "end": { "line": 1535, "column": 20 } },
      "43": { "start": { "line": 1548, "column": 9 }, "end": { "line": 1550, "column": 22 } },
      "44": { "start": { "line": 1587, "column": 12 }, "end": { "line": 1587, "column": 70 } },
      "45": { "start": { "line": 1626, "column": 4 }, "end": { "line": 1626, "column": 39 } },
      "46": { "start": { "line": 1628, "column": 18 }, "end": { "line": 1628, "column": 49 } },
      "47": { "start": { "line": 1630, "column": 4 }, "end": { "line": 1630, "column": 36 } },
      "48": { "start": { "line": 1632, "column": 4 }, "end": { "line": 1632, "column": 37 } },
      "49": { "start": { "line": 1634, "column": 4 }, "end": { "line": 1675, "column": 7 } },
      "50": { "start": { "line": 1635, "column": 23 }, "end": { "line": 1635, "column": 77 } },
      "51": { "start": { "line": 1637, "column": 6 }, "end": { "line": 1674, "column": 7 } },
      "52": { "start": { "line": 1638, "column": 31 }, "end": { "line": 1638, "column": 71 } },
      "53": { "start": { "line": 1640, "column": 22 }, "end": { "line": 1640, "column": 47 } },
      "54": { "start": { "line": 1641, "column": 16 }, "end": { "line": 1641, "column": 17 } },
      "55": { "start": { "line": 1643, "column": 8 }, "end": { "line": 1647, "column": 9 } },
      "56": { "start": { "line": 1644, "column": 10 }, "end": { "line": 1646, "column": 12 } },
      "57": { "start": { "line": 1649, "column": 30 }, "end": { "line": 1649, "column": 77 } },
      "58": { "start": { "line": 1651, "column": 8 }, "end": { "line": 1662, "column": 9 } },
      "59": { "start": { "line": 1653, "column": 10 }, "end": { "line": 1660, "column": 11 } },
      "60": { "start": { "line": 1653, "column": 32 }, "end": { "line": 1653, "column": 47 } },
      "61": { "start": { "line": 1653, "column": 45 }, "end": { "line": 1653, "column": 47 } },
      "62": { "start": { "line": 1653, "column": 28 }, "end": { "line": 1653, "column": 32 } },
      "63": { "start": { "line": 1654, "column": 33 }, "end": { "line": 1655, "column": null } },
      "64": { "start": { "line": 1657, "column": 12 }, "end": { "line": 1657, "column": 87 } },
      "65": { "start": { "line": 1659, "column": 12 }, "end": { "line": 1659, "column": 61 } },
      "66": { "start": { "line": 1665, "column": 8 }, "end": { "line": 1667, "column": 9 } },
      "67": { "start": { "line": 1665, "column": 29 }, "end": { "line": 1665, "column": 86 } },
      "68": { "start": { "line": 1665, "column": 84 }, "end": { "line": 1665, "column": 86 } },
      "69": { "start": { "line": 1665, "column": 25 }, "end": { "line": 1665, "column": 29 } },
      "70": { "start": { "line": 1666, "column": 10 }, "end": { "line": 1666, "column": 26 } },
      "71": { "start": { "line": 1668, "column": 8 }, "end": { "line": 1670, "column": 9 } },
      "72": { "start": { "line": 1668, "column": 27 }, "end": { "line": 1668, "column": 82 } },
      "73": { "start": { "line": 1668, "column": 80 }, "end": { "line": 1668, "column": 82 } },
      "74": { "start": { "line": 1668, "column": 23 }, "end": { "line": 1668, "column": 27 } },
      "75": { "start": { "line": 1669, "column": 10 }, "end": { "line": 1669, "column": 46 } },
      "76": { "start": { "line": 1672, "column": 8 }, "end": { "line": 1672, "column": 31 } },
      "77": { "start": { "line": 1677, "column": 4 }, "end": { "line": 1684, "column": 7 } },
      "78": { "start": { "line": 1678, "column": 16 }, "end": { "line": 1678, "column": 27 } },
      "79": { "start": { "line": 1679, "column": 24 }, "end": { "line": 1679, "column": 60 } },
      "80": { "start": { "line": 1681, "column": 6 }, "end": { "line": 1683, "column": 7 } },
      "81": { "start": { "line": 1681, "column": 26 }, "end": { "line": 1681, "column": 69 } },
      "82": { "start": { "line": 1681, "column": 67 }, "end": { "line": 1681, "column": 69 } },
      "83": { "start": { "line": 1681, "column": 22 }, "end": { "line": 1681, "column": 26 } },
      "84": { "start": { "line": 1682, "column": 8 }, "end": { "line": 1682, "column": 27 } },
      "85": { "start": { "line": 169, "column": 16 }, "end": { "line": 179, "column": null } },
      "86": { "start": { "line": 170, "column": 10 }, "end": { "line": 170, "column": 47 } },
      "87": { "start": { "line": 171, "column": 10 }, "end": { "line": 171, "column": 63 } },
      "88": { "start": { "line": 172, "column": 10 }, "end": { "line": 172, "column": 42 } },
      "89": { "start": { "line": 175, "column": 6 }, "end": { "line": 175, "column": 23 } },
      "90": { "start": { "line": 175, "column": 22 }, "end": { "line": 175, "column": 23 } },
      "91": { "start": { "line": 175, "column": 6 }, "end": { "line": 175, "column": 24 } },
      "92": { "start": { "line": 177, "column": 6 }, "end": { "line": 177, "column": 31 } },
      "93": { "start": { "line": 187, "column": 12 }, "end": { "line": 200, "column": null } },
      "94": { "start": { "line": 189, "column": 4 }, "end": { "line": 198, "column": 5 } },
      "95": { "start": { "line": 189, "column": 28 }, "end": { "line": 189, "column": 45 } },
      "96": { "start": { "line": 189, "column": 43 }, "end": { "line": 189, "column": 45 } },
      "97": { "start": { "line": 189, "column": 24 }, "end": { "line": 189, "column": 28 } },
      "98": { "start": { "line": 191, "column": 6 }, "end": { "line": 193, "column": 7 } },
      "99": { "start": { "line": 192, "column": 8 }, "end": { "line": 192, "column": 17 } },
      "100": { "start": { "line": 195, "column": 6 }, "end": { "line": 197, "column": 7 } },
      "101": { "start": { "line": 196, "column": 8 }, "end": { "line": 196, "column": 57 } },
      "102": { "start": { "line": 210, "column": 9 }, "end": { "line": 225, "column": null } },
      "103": { "start": { "line": 210, "column": 2 }, "end": { "line": 210, "column": 9 } },
      "104": { "start": { "line": 211, "column": 4 }, "end": { "line": 224, "column": 7 } },
      "105": { "start": { "line": 219, "column": 30 }, "end": { "line": 223, "column": null } },
      "106": { "start": { "line": 220, "column": 12 }, "end": { "line": 220, "column": 20 } },
      "107": { "start": { "line": 221, "column": 10 }, "end": { "line": 221, "column": 57 } },
      "108": { "start": { "line": 264, "column": 9 }, "end": { "line": 280, "column": null } },
      "109": { "start": { "line": 269, "column": 4 }, "end": { "line": 269, "column": 26 } },
      "110": { "start": { "line": 271, "column": 4 }, "end": { "line": 275, "column": 5 } },
      "111": { "start": { "line": 272, "column": 6 }, "end": { "line": 272, "column": 119 } },
      "112": { "start": { "line": 274, "column": 6 }, "end": { "line": 274, "column": 19 } },
      "113": { "start": { "line": 277, "column": 4 }, "end": { "line": 277, "column": 38 } },
      "114": { "start": { "line": 279, "column": 4 }, "end": { "line": 279, "column": 16 } },
      "115": { "start": { "line": 293, "column": 9 }, "end": { "line": 331, "column": null } },
      "116": { "start": { "line": 298, "column": 4 }, "end": { "line": 298, "column": 26 } },
      "117": { "start": { "line": 300, "column": 4 }, "end": { "line": 304, "column": 5 } },
      "118": { "start": { "line": 301, "column": 6 }, "end": { "line": 301, "column": 109 } },
      "119": { "start": { "line": 303, "column": 6 }, "end": { "line": 303, "column": 19 } },
      "120": { "start": { "line": 306, "column": 21 }, "end": { "line": 306, "column": 42 } },
      "121": { "start": { "line": 308, "column": 4 }, "end": { "line": 328, "column": 6 } },
      "122": { "start": { "line": 309, "column": 29 }, "end": { "line": 309, "column": 45 } },
      "123": { "start": { "line": 311, "column": 6 }, "end": { "line": 313, "column": 7 } },
      "124": { "start": { "line": 312, "column": 8 }, "end": { "line": 312, "column": 66 } },
      "125": { "start": { "line": 315, "column": 6 }, "end": { "line": 327, "column": 9 } },
      "126": { "start": { "line": 316, "column": 9 }, "end": { "line": 326, "column": 11 } },
      "127": { "start": { "line": 317, "column": 28 }, "end": { "line": 317, "column": 74 } },
      "128": { "start": { "line": 319, "column": 10 }, "end": { "line": 325, "column": 11 } },
      "129": { "start": { "line": 320, "column": 12 }, "end": { "line": 320, "column": 31 } },
      "130": { "start": { "line": 322, "column": 13 }, "end": { "line": 324, "column": 15 } },
      "131": { "start": { "line": 323, "column": 14 }, "end": { "line": 323, "column": 31 } },
      "132": { "start": { "line": 330, "column": 4 }, "end": { "line": 330, "column": 16 } },
      "133": { "start": { "line": 342, "column": 9 }, "end": { "line": 373, "column": null } },
      "134": { "start": { "line": 343, "column": 4 }, "end": { "line": 345, "column": 5 } },
      "135": { "start": { "line": 344, "column": 6 }, "end": { "line": 344, "column": 18 } },
      "136": { "start": { "line": 347, "column": 4 }, "end": { "line": 352, "column": 5 } },
      "137": { "start": { "line": 351, "column": 6 }, "end": { "line": 351, "column": 99 } },
      "138": { "start": { "line": 354, "column": 19 }, "end": { "line": 354, "column": 53 } },
      "139": { "start": { "line": 355, "column": 18 }, "end": { "line": 355, "column": 37 } },
      "140": { "start": { "line": 356, "column": 18 }, "end": { "line": 358, "column": null } },
      "141": { "start": { "line": 360, "column": 32 }, "end": { "line": 360, "column": 77 } },
      "142": { "start": { "line": 362, "column": 4 }, "end": { "line": 370, "column": 5 } },
      "143": { "start": { "line": 363, "column": 6 }, "end": { "line": 363, "column": 91 } },
      "144": { "start": { "line": 364, "column": 6 }, "end": { "line": 364, "column": 92 } },
      "145": { "start": { "line": 366, "column": 6 }, "end": { "line": 366, "column": 71 } },
      "146": { "start": { "line": 367, "column": 6 }, "end": { "line": 367, "column": 63 } },
      "147": { "start": { "line": 369, "column": 6 }, "end": { "line": 369, "column": 36 } },
      "148": { "start": { "line": 372, "column": 4 }, "end": { "line": 372, "column": 18 } },
      "149": { "start": { "line": 380, "column": 9 }, "end": { "line": 408, "column": null } },
      "150": { "start": { "line": 381, "column": 4 }, "end": { "line": 383, "column": 5 } },
      "151": { "start": { "line": 382, "column": 6 }, "end": { "line": 382, "column": 16 } },
      "152": { "start": { "line": 385, "column": 28 }, "end": { "line": 385, "column": 30 } },
      "153": { "start": { "line": 387, "column": 22 }, "end": { "line": 387, "column": 24 } },
      "154": { "start": { "line": 388, "column": 21 }, "end": { "line": 388, "column": 22 } },
      "155": { "start": { "line": 390, "column": 4 }, "end": { "line": 403, "column": 5 } },
      "156": { "start": { "line": 390, "column": 28 }, "end": { "line": 390, "column": 37 } },
      "157": { "start": { "line": 390, "column": 35 }, "end": { "line": 390, "column": 37 } },
      "158": { "start": { "line": 390, "column": 24 }, "end": { "line": 390, "column": 28 } },
      "159": { "start": { "line": 391, "column": 6 }, "end": { "line": 402, "column": 7 } },
      "160": { "start": { "line": 392, "column": 8 }, "end": { "line": 392, "column": 21 } },
      "161": { "start": { "line": 393, "column": 8 }, "end": { "line": 393, "column": 33 } },
      "162": { "start": { "line": 394, "column": 13 }, "end": { "line": 402, "column": 7 } },
      "163": { "start": { "line": 395, "column": 8 }, "end": { "line": 395, "column": 21 } },
      "164": { "start": { "line": 396, "column": 8 }, "end": { "line": 396, "column": 33 } },
      "165": { "start": { "line": 397, "column": 13 }, "end": { "line": 402, "column": 7 } },
      "166": { "start": { "line": 398, "column": 8 }, "end": { "line": 398, "column": 32 } },
      "167": { "start": { "line": 399, "column": 8 }, "end": { "line": 399, "column": 25 } },
      "168": { "start": { "line": 401, "column": 8 }, "end": { "line": 401, "column": 33 } },
      "169": { "start": { "line": 405, "column": 4 }, "end": { "line": 405, "column": 28 } },
      "170": { "start": { "line": 407, "column": 4 }, "end": { "line": 407, "column": 44 } },
      "171": { "start": { "line": 407, "column": 31 }, "end": { "line": 407, "column": 43 } },
      "172": { "start": { "line": 416, "column": 9 }, "end": { "line": 544, "column": null } },
      "173": { "start": { "line": 416, "column": 2 }, "end": { "line": 416, "column": 9 } },
      "174": { "start": { "line": 417, "column": 4 }, "end": { "line": 543, "column": 7 } },
      "175": { "start": { "line": 418, "column": 24 }, "end": { "line": 418, "column": 25 } },
      "176": { "start": { "line": 420, "column": 36 }, "end": { "line": 420, "column": 55 } },
      "177": { "start": { "line": 423, "column": 27 }, "end": { "line": 423, "column": 54 } },
      "178": { "start": { "line": 424, "column": 28 }, "end": { "line": 424, "column": 58 } },
      "179": { "start": { "line": 426, "column": 8 }, "end": { "line": 537, "column": 9 } },
      "180": { "start": { "line": 427, "column": 10 }, "end": { "line": 427, "column": 80 } },
      "181": { "start": { "line": 429, "column": 10 }, "end": { "line": 534, "column": 11 } },
      "182": { "start": { "line": 430, "column": 12 }, "end": { "line": 430, "column": 26 } },
      "183": { "start": { "line": 432, "column": 12 }, "end": { "line": 469, "column": 17 } },
      "184": { "start": { "line": 434, "column": 33 }, "end": { "line": 436, "column": 70 } },
      "185": { "start": { "line": 438, "column": 16 }, "end": { "line": 465, "column": 17 } },
      "186": { "start": { "line": 439, "column": 18 }, "end": { "line": 453, "column": 23 } },
      "187": { "start": { "line": 445, "column": 22 }, "end": { "line": 445, "column": 58 } },
      "188": { "start": { "line": 447, "column": 22 }, "end": { "line": 449, "column": 23 } },
      "189": { "start": { "line": 448, "column": 24 }, "end": { "line": 448, "column": 40 } },
      "190": { "start": { "line": 452, "column": 22 }, "end": { "line": 452, "column": 32 } },
      "191": { "start": { "line": 460, "column": 18 }, "end": { "line": 460, "column": 58 } },
      "192": { "start": { "line": 462, "column": 18 }, "end": { "line": 464, "column": 19 } },
      "193": { "start": { "line": 463, "column": 20 }, "end": { "line": 463, "column": 36 } },
      "194": { "start": { "line": 468, "column": 16 }, "end": { "line": 468, "column": 26 } },
      "195": { "start": { "line": 472, "column": 12 }, "end": { "line": 474, "column": 13 } },
      "196": { "start": { "line": 477, "column": 12 }, "end": { "line": 477, "column": 26 } },
      "197": { "start": { "line": 479, "column": 12 }, "end": { "line": 533, "column": 15 } },
      "198": { "start": { "line": 487, "column": 38 }, "end": { "line": 532, "column": null } },
      "199": { "start": { "line": 488, "column": 16 }, "end": { "line": 490, "column": 17 } },
      "200": { "start": { "line": 489, "column": 18 }, "end": { "line": 489, "column": 25 } },
      "201": { "start": { "line": 492, "column": 16 }, "end": { "line": 492, "column": 63 } },
      "202": { "start": { "line": 494, "column": 16 }, "end": { "line": 531, "column": 21 } },
      "203": { "start": { "line": 496, "column": 37 }, "end": { "line": 498, "column": 74 } },
      "204": { "start": { "line": 500, "column": 20 }, "end": { "line": 527, "column": 21 } },
      "205": { "start": { "line": 501, "column": 22 }, "end": { "line": 515, "column": 27 } },
      "206": { "start": { "line": 503, "column": 26 }, "end": { "line": 505, "column": 27 } },
      "207": { "start": { "line": 504, "column": 28 }, "end": { "line": 504, "column": 65 } },
      "208": { "start": { "line": 507, "column": 26 }, "end": { "line": 507, "column": 65 } },
      "209": { "start": { "line": 509, "column": 26 }, "end": { "line": 511, "column": 27 } },
      "210": { "start": { "line": 510, "column": 28 }, "end": { "line": 510, "column": 44 } },
      "211": { "start": { "line": 514, "column": 26 }, "end": { "line": 514, "column": 36 } },
      "212": { "start": { "line": 518, "column": 22 }, "end": { "line": 520, "column": 23 } },
      "213": { "start": { "line": 519, "column": 24 }, "end": { "line": 519, "column": 69 } },
      "214": { "start": { "line": 522, "column": 22 }, "end": { "line": 522, "column": 65 } },
      "215": { "start": { "line": 524, "column": 22 }, "end": { "line": 526, "column": 23 } },
      "216": { "start": { "line": 525, "column": 24 }, "end": { "line": 525, "column": 40 } },
      "217": { "start": { "line": 530, "column": 20 }, "end": { "line": 530, "column": 30 } },
      "218": { "start": { "line": 536, "column": 10 }, "end": { "line": 536, "column": 33 } },
      "219": { "start": { "line": 422, "column": 6 }, "end": { "line": 538, "column": null } },
      "220": { "start": { "line": 422, "column": 19 }, "end": { "line": 422, "column": 20 } },
      "221": { "start": { "line": 422, "column": 15 }, "end": { "line": 422, "column": 19 } },
      "222": { "start": { "line": 540, "column": 6 }, "end": { "line": 542, "column": 7 } },
      "223": { "start": { "line": 541, "column": 8 }, "end": { "line": 541, "column": 24 } },
      "224": { "start": { "line": 551, "column": 9 }, "end": { "line": 765, "column": null } },
      "225": { "start": { "line": 551, "column": 2 }, "end": { "line": 551, "column": 9 } },
      "226": { "start": { "line": 552, "column": 4 }, "end": { "line": 764, "column": 7 } },
      "227": { "start": { "line": 553, "column": 6 }, "end": { "line": 763, "column": 7 } },
      "228": { "start": { "line": 554, "column": 26 }, "end": { "line": 554, "column": 27 } },
      "229": { "start": { "line": 558, "column": 10 }, "end": { "line": 755, "column": 11 } },
      "230": { "start": { "line": 559, "column": 12 }, "end": { "line": 754, "column": 13 } },
      "231": { "start": { "line": 561, "column": 16 }, "end": { "line": 660, "column": 17 } },
      "232": { "start": { "line": 562, "column": 57 }, "end": { "line": 562, "column": 78 } },
      "233": { "start": { "line": 564, "column": 18 }, "end": { "line": 659, "column": 19 } },
      "234": { "start": { "line": 565, "column": 40 }, "end": { "line": 565, "column": 70 } },
      "235": { "start": { "line": 567, "column": 20 }, "end": { "line": 658, "column": 21 } },
      "236": { "start": { "line": 568, "column": 22 }, "end": { "line": 657, "column": 23 } },
      "237": { "start": { "line": 569, "column": 24 }, "end": { "line": 569, "column": 38 } },
      "238": { "start": { "line": 571, "column": 24 }, "end": { "line": 603, "column": 29 } },
      "239": { "start": { "line": 573, "column": 45 }, "end": { "line": 574, "column": null } },
      "240": { "start": { "line": 577, "column": 28 }, "end": { "line": 599, "column": 29 } },
      "241": { "start": { "line": 578, "column": 30 }, "end": { "line": 590, "column": 35 } },
      "242": { "start": { "line": 580, "column": 34 }, "end": { "line": 580, "column": 84 } },
      "243": { "start": { "line": 582, "column": 34 }, "end": { "line": 582, "column": 105 } },
      "244": { "start": { "line": 582, "column": 85 }, "end": { "line": 582, "column": 104 } },
      "245": { "start": { "line": 584, "column": 34 }, "end": { "line": 586, "column": 35 } },
      "246": { "start": { "line": 585, "column": 36 }, "end": { "line": 585, "column": 52 } },
      "247": { "start": { "line": 589, "column": 34 }, "end": { "line": 589, "column": 44 } },
      "248": { "start": { "line": 592, "column": 30 }, "end": { "line": 592, "column": 84 } },
      "249": { "start": { "line": 594, "column": 30 }, "end": { "line": 594, "column": 101 } },
      "250": { "start": { "line": 594, "column": 81 }, "end": { "line": 594, "column": 100 } },
      "251": { "start": { "line": 596, "column": 30 }, "end": { "line": 598, "column": 31 } },
      "252": { "start": { "line": 597, "column": 32 }, "end": { "line": 597, "column": 48 } },
      "253": { "start": { "line": 602, "column": 28 }, "end": { "line": 602, "column": 38 } },
      "254": { "start": { "line": 606, "column": 24 }, "end": { "line": 606, "column": 38 } },
      "255": { "start": { "line": 608, "column": 24 }, "end": { "line": 656, "column": 27 } },
      "256": { "start": { "line": 616, "column": 50 }, "end": { "line": 655, "column": null } },
      "257": { "start": { "line": 617, "column": 28 }, "end": { "line": 619, "column": 29 } },
      "258": { "start": { "line": 618, "column": 30 }, "end": { "line": 618, "column": 37 } },
      "259": { "start": { "line": 621, "column": 28 }, "end": { "line": 621, "column": 75 } },
      "260": { "start": { "line": 623, "column": 28 }, "end": { "line": 654, "column": 33 } },
      "261": { "start": { "line": 625, "column": 49 }, "end": { "line": 626, "column": null } },
      "262": { "start": { "line": 629, "column": 32 }, "end": { "line": 650, "column": 33 } },
      "263": { "start": { "line": 630, "column": 34 }, "end": { "line": 641, "column": 39 } },
      "264": { "start": { "line": 632, "column": 38 }, "end": { "line": 632, "column": 88 } },
      "265": { "start": { "line": 633, "column": 38 }, "end": { "line": 633, "column": 109 } },
      "266": { "start": { "line": 633, "column": 89 }, "end": { "line": 633, "column": 108 } },
      "267": { "start": { "line": 635, "column": 38 }, "end": { "line": 637, "column": 39 } },
      "268": { "start": { "line": 636, "column": 40 }, "end": { "line": 636, "column": 56 } },
      "269": { "start": { "line": 640, "column": 38 }, "end": { "line": 640, "column": 48 } },
      "270": { "start": { "line": 643, "column": 34 }, "end": { "line": 643, "column": 88 } },
      "271": { "start": { "line": 645, "column": 34 }, "end": { "line": 645, "column": 105 } },
      "272": { "start": { "line": 645, "column": 85 }, "end": { "line": 645, "column": 104 } },
      "273": { "start": { "line": 647, "column": 34 }, "end": { "line": 649, "column": 35 } },
      "274": { "start": { "line": 648, "column": 36 }, "end": { "line": 648, "column": 52 } },
      "275": { "start": { "line": 653, "column": 32 }, "end": { "line": 653, "column": 42 } },
      "276": { "start": { "line": 560, "column": 14 }, "end": { "line": 661, "column": null } },
      "277": { "start": { "line": 560, "column": 27 }, "end": { "line": 560, "column": 28 } },
      "278": { "start": { "line": 560, "column": 23 }, "end": { "line": 560, "column": 27 } },
      "279": { "start": { "line": 663, "column": 14 }, "end": { "line": 665, "column": 15 } },
      "280": { "start": { "line": 667, "column": 34 }, "end": { "line": 667, "column": 76 } },
      "281": { "start": { "line": 669, "column": 14 }, "end": { "line": 753, "column": 15 } },
      "282": { "start": { "line": 670, "column": 16 }, "end": { "line": 752, "column": 17 } },
      "283": { "start": { "line": 671, "column": 18 }, "end": { "line": 671, "column": 32 } },
      "284": { "start": { "line": 673, "column": 18 }, "end": { "line": 698, "column": 21 } },
      "285": { "start": { "line": 674, "column": 37 }, "end": { "line": 675, "column": null } },
      "286": { "start": { "line": 678, "column": 20 }, "end": { "line": 697, "column": 21 } },
      "287": { "start": { "line": 679, "column": 22 }, "end": { "line": 689, "column": 27 } },
      "288": { "start": { "line": 681, "column": 26 }, "end": { "line": 681, "column": 45 } },
      "289": { "start": { "line": 683, "column": 26 }, "end": { "line": 685, "column": 27 } },
      "290": { "start": { "line": 684, "column": 28 }, "end": { "line": 684, "column": 44 } },
      "291": { "start": { "line": 688, "column": 26 }, "end": { "line": 688, "column": 36 } },
      "292": { "start": { "line": 692, "column": 22 }, "end": { "line": 692, "column": 45 } },
      "293": { "start": { "line": 694, "column": 22 }, "end": { "line": 696, "column": 23 } },
      "294": { "start": { "line": 695, "column": 24 }, "end": { "line": 695, "column": 40 } },
      "295": { "start": { "line": 701, "column": 18 }, "end": { "line": 706, "column": 19 } },
      "296": { "start": { "line": 709, "column": 18 }, "end": { "line": 709, "column": 32 } },
      "297": { "start": { "line": 711, "column": 18 }, "end": { "line": 751, "column": 21 } },
      "298": { "start": { "line": 719, "column": 44 }, "end": { "line": 750, "column": null } },
      "299": { "start": { "line": 720, "column": 26 }, "end": { "line": 720, "column": 34 } },
      "300": { "start": { "line": 721, "column": 24 }, "end": { "line": 721, "column": 71 } },
      "301": { "start": { "line": 723, "column": 24 }, "end": { "line": 748, "column": 27 } },
      "302": { "start": { "line": 724, "column": 43 }, "end": { "line": 725, "column": null } },
      "303": { "start": { "line": 728, "column": 26 }, "end": { "line": 747, "column": 27 } },
      "304": { "start": { "line": 729, "column": 28 }, "end": { "line": 739, "column": 33 } },
      "305": { "start": { "line": 731, "column": 32 }, "end": { "line": 731, "column": 51 } },
      "306": { "start": { "line": 733, "column": 32 }, "end": { "line": 735, "column": 33 } },
      "307": { "start": { "line": 734, "column": 34 }, "end": { "line": 734, "column": 50 } },
      "308": { "start": { "line": 738, "column": 32 }, "end": { "line": 738, "column": 42 } },
      "309": { "start": { "line": 742, "column": 28 }, "end": { "line": 742, "column": 51 } },
      "310": { "start": { "line": 744, "column": 28 }, "end": { "line": 746, "column": 29 } },
      "311": { "start": { "line": 745, "column": 30 }, "end": { "line": 745, "column": 46 } },
      "312": { "start": { "line": 556, "column": 8 }, "end": { "line": 756, "column": null } },
      "313": { "start": { "line": 556, "column": 19 }, "end": { "line": 556, "column": 26 } },
      "314": { "start": { "line": 758, "column": 8 }, "end": { "line": 760, "column": 9 } },
      "315": { "start": { "line": 759, "column": 10 }, "end": { "line": 759, "column": 26 } },
      "316": { "start": { "line": 762, "column": 8 }, "end": { "line": 762, "column": 18 } },
      "317": { "start": { "line": 774, "column": 9 }, "end": { "line": 783, "column": null } },
      "318": { "start": { "line": 776, "column": 4 }, "end": { "line": 776, "column": 58 } },
      "319": { "start": { "line": 778, "column": 19 }, "end": { "line": 778, "column": 54 } },
      "320": { "start": { "line": 780, "column": 4 }, "end": { "line": 780, "column": 56 } },
      "321": { "start": { "line": 782, "column": 4 }, "end": { "line": 782, "column": 18 } },
      "322": { "start": { "line": 795, "column": 9 }, "end": { "line": 801, "column": null } },
      "323": { "start": { "line": 796, "column": 4 }, "end": { "line": 800, "column": 5 } },
      "324": { "start": { "line": 796, "column": 27 }, "end": { "line": 796, "column": 47 } },
      "325": { "start": { "line": 796, "column": 45 }, "end": { "line": 796, "column": 47 } },
      "326": { "start": { "line": 796, "column": 23 }, "end": { "line": 796, "column": 27 } },
      "327": { "start": { "line": 797, "column": 6 }, "end": { "line": 799, "column": 7 } },
      "328": { "start": { "line": 797, "column": 27 }, "end": { "line": 797, "column": 64 } },
      "329": { "start": { "line": 797, "column": 62 }, "end": { "line": 797, "column": 64 } },
      "330": { "start": { "line": 797, "column": 23 }, "end": { "line": 797, "column": 27 } },
      "331": { "start": { "line": 798, "column": 8 }, "end": { "line": 798, "column": 24 } },
      "332": { "start": { "line": 808, "column": 12 }, "end": { "line": 838, "column": null } },
      "333": { "start": { "line": 809, "column": 4 }, "end": { "line": 811, "column": 5 } },
      "334": { "start": { "line": 810, "column": 6 }, "end": { "line": 810, "column": 22 } },
      "335": { "start": { "line": 813, "column": 16 }, "end": { "line": 813, "column": 43 } },
      "336": { "start": { "line": 814, "column": 21 }, "end": { "line": 814, "column": 55 } },
      "337": { "start": { "line": 817, "column": 4 }, "end": { "line": 827, "column": 5 } },
      "338": { "start": { "line": 818, "column": 19 }, "end": { "line": 818, "column": 46 } },
      "339": { "start": { "line": 819, "column": 6 }, "end": { "line": 821, "column": 7 } },
      "340": { "start": { "line": 820, "column": 8 }, "end": { "line": 820, "column": 20 } },
      "341": { "start": { "line": 823, "column": 23 }, "end": { "line": 823, "column": 64 } },
      "342": { "start": { "line": 824, "column": 6 }, "end": { "line": 826, "column": 7 } },
      "343": { "start": { "line": 825, "column": 8 }, "end": { "line": 825, "column": 24 } },
      "344": { "start": { "line": 830, "column": 4 }, "end": { "line": 835, "column": 5 } },
      "345": { "start": { "line": 831, "column": 21 }, "end": { "line": 831, "column": 72 } },
      "346": { "start": { "line": 832, "column": 6 }, "end": { "line": 834, "column": 7 } },
      "347": { "start": { "line": 833, "column": 8 }, "end": { "line": 833, "column": 22 } },
      "348": { "start": { "line": 837, "column": 4 }, "end": { "line": 837, "column": 20 } },
      "349": { "start": { "line": 847, "column": 9 }, "end": { "line": 864, "column": null } },
      "350": { "start": { "line": 849, "column": 4 }, "end": { "line": 849, "column": 26 } },
      "351": { "start": { "line": 851, "column": 4 }, "end": { "line": 855, "column": 5 } },
      "352": { "start": { "line": 852, "column": 6 }, "end": { "line": 852, "column": 113 } },
      "353": { "start": { "line": 854, "column": 6 }, "end": { "line": 854, "column": 19 } },
      "354": { "start": { "line": 857, "column": 4 }, "end": { "line": 857, "column": 39 } },
      "355": { "start": { "line": 859, "column": 4 }, "end": { "line": 861, "column": 5 } },
      "356": { "start": { "line": 859, "column": 26 }, "end": { "line": 859, "column": 97 } },
      "357": { "start": { "line": 859, "column": 95 }, "end": { "line": 859, "column": 97 } },
      "358": { "start": { "line": 859, "column": 22 }, "end": { "line": 859, "column": 26 } },
      "359": { "start": { "line": 860, "column": 6 }, "end": { "line": 860, "column": 117 } },
      "360": { "start": { "line": 863, "column": 4 }, "end": { "line": 863, "column": 16 } },
      "361": { "start": { "line": 875, "column": 9 }, "end": { "line": 894, "column": null } },
      "362": { "start": { "line": 877, "column": 4 }, "end": { "line": 877, "column": 26 } },
      "363": { "start": { "line": 879, "column": 4 }, "end": { "line": 885, "column": 5 } },
      "364": { "start": { "line": 880, "column": 6 }, "end": { "line": 880, "column": 43 } },
      "365": { "start": { "line": 882, "column": 6 }, "end": { "line": 882, "column": 115 } },
      "366": { "start": { "line": 884, "column": 6 }, "end": { "line": 884, "column": 19 } },
      "367": { "start": { "line": 886, "column": 32 }, "end": { "line": 886, "column": 60 } },
      "368": { "start": { "line": 888, "column": 4 }, "end": { "line": 891, "column": 7 } },
      "369": { "start": { "line": 889, "column": 6 }, "end": { "line": 889, "column": 45 } },
      "370": { "start": { "line": 890, "column": 6 }, "end": { "line": 890, "column": 30 } },
      "371": { "start": { "line": 893, "column": 4 }, "end": { "line": 893, "column": 16 } },
      "372": { "start": { "line": 902, "column": 9 }, "end": { "line": 949, "column": null } },
      "373": { "start": { "line": 903, "column": 29 }, "end": { "line": 903, "column": 31 } },
      "374": { "start": { "line": 904, "column": 40 }, "end": { "line": 904, "column": 42 } },
      "375": { "start": { "line": 906, "column": 30 }, "end": { "line": 906, "column": 31 } },
      "376": { "start": { "line": 908, "column": 4 }, "end": { "line": 946, "column": 5 } },
      "377": { "start": { "line": 908, "column": 17 }, "end": { "line": 908, "column": 18 } },
      "378": { "start": { "line": 909, "column": 19 }, "end": { "line": 909, "column": 35 } },
      "379": { "start": { "line": 911, "column": 6 }, "end": { "line": 945, "column": 7 } },
      "380": { "start": { "line": 913, "column": 10 }, "end": { "line": 913, "column": 54 } },
      "381": { "start": { "line": 914, "column": 10 }, "end": { "line": 914, "column": 38 } },
      "382": { "start": { "line": 915, "column": 10 }, "end": { "line": 915, "column": 16 } },
      "383": { "start": { "line": 917, "column": 10 }, "end": { "line": 922, "column": 11 } },
      "384": { "start": { "line": 918, "column": 12 }, "end": { "line": 918, "column": 58 } },
      "385": { "start": { "line": 921, "column": 12 }, "end": { "line": 921, "column": 40 } },
      "386": { "start": { "line": 923, "column": 10 }, "end": { "line": 923, "column": 16 } },
      "387": { "start": { "line": 925, "column": 10 }, "end": { "line": 935, "column": 11 } },
      "388": { "start": { "line": 926, "column": 29 }, "end": { "line": 926, "column": 83 } },
      "389": { "start": { "line": 928, "column": 12 }, "end": { "line": 930, "column": 13 } },
      "390": { "start": { "line": 929, "column": 14 }, "end": { "line": 929, "column": 36 } },
      "391": { "start": { "line": 931, "column": 12 }, "end": { "line": 931, "column": 40 } },
      "392": { "start": { "line": 934, "column": 12 }, "end": { "line": 934, "column": 40 } },
      "393": { "start": { "line": 936, "column": 10 }, "end": { "line": 936, "column": 16 } },
      "394": { "start": { "line": 940, "column": 10 }, "end": { "line": 942, "column": 11 } },
      "395": { "start": { "line": 941, "column": 12 }, "end": { "line": 941, "column": 40 } },
      "396": { "start": { "line": 944, "column": 10 }, "end": { "line": 944, "column": 16 } },
      "397": { "start": { "line": 948, "column": 4 }, "end": { "line": 948, "column": 18 } },
      "398": { "start": { "line": 965, "column": 15 }, "end": { "line": 1102, "column": null } },
      "399": { "start": { "line": 967, "column": 4 }, "end": { "line": 1101, "column": 7 } },
      "400": { "start": { "line": 967, "column": 37 }, "end": { "line": 1101, "column": 6 } },
      "401": { "start": { "line": 969, "column": 24 }, "end": { "line": 969, "column": null } },
      "402": { "start": { "line": 970, "column": 12 }, "end": { "line": 970, "column": 15 } },
      "403": { "start": { "line": 972, "column": 16 }, "end": { "line": 972, "column": 17 } },
      "404": { "start": { "line": 974, "column": 14 }, "end": { "line": 1000, "column": 17 } },
      "405": { "start": { "line": 975, "column": 16 }, "end": { "line": 999, "column": 19 } },
      "406": { "start": { "line": 983, "column": 42 }, "end": { "line": 997, "column": null } },
      "407": { "start": { "line": 984, "column": 24 }, "end": { "line": 984, "column": 32 } },
      "408": { "start": { "line": 985, "column": 22 }, "end": { "line": 985, "column": 69 } },
      "409": { "start": { "line": 986, "column": 22 }, "end": { "line": 986, "column": 32 } },
      "410": { "start": { "line": 989, "column": 28 }, "end": { "line": 989, "column": 70 } },
      "411": { "start": { "line": 991, "column": 22 }, "end": { "line": 991, "column": 98 } },
      "412": { "start": { "line": 992, "column": 22 }, "end": { "line": 992, "column": 45 } },
      "413": { "start": { "line": 993, "column": 22 }, "end": { "line": 993, "column": 54 } },
      "414": { "start": { "line": 993, "column": 44 }, "end": { "line": 993, "column": 54 } },
      "415": { "start": { "line": 994, "column": 22 }, "end": { "line": 994, "column": 55 } },
      "416": { "start": { "line": 994, "column": 45 }, "end": { "line": 994, "column": 55 } },
      "417": { "start": { "line": 995, "column": 22 }, "end": { "line": 995, "column": 56 } },
      "418": { "start": { "line": 998, "column": 31 }, "end": { "line": 998, "column": null } },
      "419": { "start": { "line": 971, "column": 38 }, "end": { "line": 971, "column": null } },
      "420": { "start": { "line": 971, "column": 21 }, "end": { "line": 971, "column": 38 } },
      "421": { "start": { "line": 1004, "column": 10 }, "end": { "line": 1006, "column": 11 } },
      "422": { "start": { "line": 1005, "column": 12 }, "end": { "line": 1005, "column": 21 } },
      "423": { "start": { "line": 1009, "column": 16 }, "end": { "line": 1009, "column": 17 } },
      "424": { "start": { "line": 1010, "column": 14 }, "end": { "line": 1036, "column": 17 } },
      "425": { "start": { "line": 1011, "column": 16 }, "end": { "line": 1035, "column": 19 } },
      "426": { "start": { "line": 1019, "column": 42 }, "end": { "line": 1033, "column": null } },
      "427": { "start": { "line": 1020, "column": 24 }, "end": { "line": 1020, "column": 32 } },
      "428": { "start": { "line": 1021, "column": 22 }, "end": { "line": 1021, "column": 69 } },
      "429": { "start": { "line": 1022, "column": 22 }, "end": { "line": 1022, "column": 32 } },
      "430": { "start": { "line": 1025, "column": 28 }, "end": { "line": 1025, "column": 70 } },
      "431": { "start": { "line": 1026, "column": 22 }, "end": { "line": 1026, "column": 87 } },
      "432": { "start": { "line": 1027, "column": 22 }, "end": { "line": 1027, "column": 45 } },
      "433": { "start": { "line": 1028, "column": 22 }, "end": { "line": 1028, "column": 42 } },
      "434": { "start": { "line": 1029, "column": 22 }, "end": { "line": 1029, "column": 54 } },
      "435": { "start": { "line": 1029, "column": 44 }, "end": { "line": 1029, "column": 54 } },
      "436": { "start": { "line": 1030, "column": 22 }, "end": { "line": 1030, "column": 55 } },
      "437": { "start": { "line": 1030, "column": 45 }, "end": { "line": 1030, "column": 55 } },
      "438": { "start": { "line": 1031, "column": 22 }, "end": { "line": 1031, "column": 56 } },
      "439": { "start": { "line": 1034, "column": 31 }, "end": { "line": 1034, "column": null } },
      "440": { "start": { "line": 1008, "column": 27 }, "end": { "line": 1008, "column": null } },
      "441": { "start": { "line": 1008, "column": 21 }, "end": { "line": 1008, "column": 27 } },
      "442": { "start": { "line": 1043, "column": 12 }, "end": { "line": 1043, "column": 52 } },
      "443": { "start": { "line": 1045, "column": 6 }, "end": { "line": 1095, "column": 7 } },
      "444": { "start": { "line": 1045, "column": 17 }, "end": { "line": 1045, "column": 30 } },
      "445": { "start": { "line": 1046, "column": 8 }, "end": { "line": 1052, "column": 9 } },
      "446": { "start": { "line": 1047, "column": 10 }, "end": { "line": 1049, "column": 12 } },
      "447": { "start": { "line": 1051, "column": 10 }, "end": { "line": 1051, "column": 19 } },
      "448": { "start": { "line": 1054, "column": 8 }, "end": { "line": 1054, "column": 37 } },
      "449": { "start": { "line": 1056, "column": 8 }, "end": { "line": 1094, "column": 9 } },
      "450": { "start": { "line": 1056, "column": 19 }, "end": { "line": 1056, "column": 29 } },
      "451": { "start": { "line": 1057, "column": 10 }, "end": { "line": 1093, "column": 11 } },
      "452": { "start": { "line": 1059, "column": 12 }, "end": { "line": 1071, "column": 13 } },
      "453": { "start": { "line": 1060, "column": 14 }, "end": { "line": 1070, "column": 15 } },
      "454": { "start": { "line": 1061, "column": 16 }, "end": { "line": 1069, "column": 17 } },
      "455": { "start": { "line": 1061, "column": 27 }, "end": { "line": 1061, "column": 44 } },
      "456": { "start": { "line": 1062, "column": 24 }, "end": { "line": 1062, "column": 106 } },
      "457": { "start": { "line": 1064, "column": 18 }, "end": { "line": 1068, "column": 19 } },
      "458": { "start": { "line": 1065, "column": 20 }, "end": { "line": 1067, "column": 21 } },
      "459": { "start": { "line": 1066, "column": 22 }, "end": { "line": 1066, "column": 62 } },
      "460": { "start": { "line": 1073, "column": 12 }, "end": { "line": 1092, "column": 13 } },
      "461": { "start": { "line": 1074, "column": 14 }, "end": { "line": 1084, "column": 15 } },
      "462": { "start": { "line": 1075, "column": 16 }, "end": { "line": 1081, "column": 18 } },
      "463": { "start": { "line": 1083, "column": 16 }, "end": { "line": 1083, "column": 25 } },
      "464": { "start": { "line": 1086, "column": 14 }, "end": { "line": 1091, "column": 15 } },
      "465": { "start": { "line": 1087, "column": 16 }, "end": { "line": 1090, "column": 18 } },
      "466": { "start": { "line": 1097, "column": 10 }, "end": { "line": 1097, "column": 14 } },
      "467": { "start": { "line": 1098, "column": 8 }, "end": { "line": 1098, "column": 37 } },
      "468": { "start": { "line": 1100, "column": 6 }, "end": { "line": 1100, "column": 16 } },
      "469": { "start": { "line": 1107, "column": 9 }, "end": { "line": 1111, "column": null } },
      "470": { "start": { "line": 1108, "column": 4 }, "end": { "line": 1110, "column": 5 } },
      "471": { "start": { "line": 1108, "column": 25 }, "end": { "line": 1108, "column": 33 } },
      "472": { "start": { "line": 1108, "column": 31 }, "end": { "line": 1108, "column": 33 } },
      "473": { "start": { "line": 1108, "column": 21 }, "end": { "line": 1108, "column": 25 } },
      "474": { "start": { "line": 1109, "column": 6 }, "end": { "line": 1109, "column": 30 } },
      "475": { "start": { "line": 1121, "column": 12 }, "end": { "line": 1142, "column": null } },
      "476": { "start": { "line": 1122, "column": 56 }, "end": { "line": 1122, "column": 58 } },
      "477": { "start": { "line": 1124, "column": 4 }, "end": { "line": 1139, "column": 5 } },
      "478": { "start": { "line": 1124, "column": 28 }, "end": { "line": 1124, "column": 54 } },
      "479": { "start": { "line": 1124, "column": 52 }, "end": { "line": 1124, "column": 54 } },
      "480": { "start": { "line": 1124, "column": 24 }, "end": { "line": 1124, "column": 28 } },
      "481": { "start": { "line": 1126, "column": 6 }, "end": { "line": 1138, "column": 7 } },
      "482": { "start": { "line": 1134, "column": 8 }, "end": { "line": 1137, "column": 49 } },
      "483": { "start": { "line": 1136, "column": 54 }, "end": { "line": 1136, "column": 65 } },
      "484": { "start": { "line": 1141, "column": 4 }, "end": { "line": 1141, "column": 27 } },
      "485": { "start": { "line": 1151, "column": 12 }, "end": { "line": 1161, "column": null } },
      "486": { "start": { "line": 1152, "column": 47 }, "end": { "line": 1152, "column": 48 } },
      "487": { "start": { "line": 1154, "column": 4 }, "end": { "line": 1158, "column": 5 } },
      "488": { "start": { "line": 1155, "column": 6 }, "end": { "line": 1157, "column": 7 } },
      "489": { "start": { "line": 1156, "column": 8 }, "end": { "line": 1156, "column": 29 } },
      "490": { "start": { "line": 1160, "column": 4 }, "end": { "line": 1160, "column": 18 } },
      "491": { "start": { "line": 1170, "column": 12 }, "end": { "line": 1183, "column": null } },
      "492": { "start": { "line": 1171, "column": 46 }, "end": { "line": 1171, "column": 48 } },
      "493": { "start": { "line": 1173, "column": 4 }, "end": { "line": 1180, "column": 5 } },
      "494": { "start": { "line": 1173, "column": 28 }, "end": { "line": 1173, "column": 72 } },
      "495": { "start": { "line": 1173, "column": 70 }, "end": { "line": 1173, "column": 72 } },
      "496": { "start": { "line": 1173, "column": 24 }, "end": { "line": 1173, "column": 28 } },
      "497": { "start": { "line": 1174, "column": 27 }, "end": { "line": 1174, "column": 77 } },
      "498": { "start": { "line": 1175, "column": 6 }, "end": { "line": 1179, "column": 7 } },
      "499": { "start": { "line": 1176, "column": 30 }, "end": { "line": 1176, "column": 65 } },
      "500": { "start": { "line": 1177, "column": 8 }, "end": { "line": 1178, "column": 42 } },
      "501": { "start": { "line": 1182, "column": 4 }, "end": { "line": 1182, "column": 18 } },
      "502": { "start": { "line": 1188, "column": 9 }, "end": { "line": 1237, "column": null } },
      "503": { "start": { "line": 1189, "column": 4 }, "end": { "line": 1196, "column": 5 } },
      "504": { "start": { "line": 1195, "column": 6 }, "end": { "line": 1195, "column": 13 } },
      "505": { "start": { "line": 1198, "column": 22 }, "end": { "line": 1198, "column": 51 } },
      "506": { "start": { "line": 1200, "column": 4 }, "end": { "line": 1200, "column": 92 } },
      "507": { "start": { "line": 1201, "column": 4 }, "end": { "line": 1201, "column": 40 } },
      "508": { "start": { "line": 1202, "column": 4 }, "end": { "line": 1202, "column": 37 } },
      "509": { "start": { "line": 1203, "column": 4 }, "end": { "line": 1203, "column": 42 } },
      "510": { "start": { "line": 1204, "column": 4 }, "end": { "line": 1204, "column": 38 } },
      "511": { "start": { "line": 1206, "column": 4 }, "end": { "line": 1206, "column": 44 } },
      "512": { "start": { "line": 1208, "column": 19 }, "end": { "line": 1208, "column": 48 } },
      "513": { "start": { "line": 1210, "column": 4 }, "end": { "line": 1210, "column": 31 } },
      "514": { "start": { "line": 1211, "column": 4 }, "end": { "line": 1211, "column": 48 } },
      "515": { "start": { "line": 1213, "column": 4 }, "end": { "line": 1213, "column": 34 } },
      "516": { "start": { "line": 1215, "column": 16 }, "end": { "line": 1215, "column": 45 } },
      "517": { "start": { "line": 1217, "column": 4 }, "end": { "line": 1217, "column": 28 } },
      "518": { "start": { "line": 1218, "column": 4 }, "end": { "line": 1218, "column": 32 } },
      "519": { "start": { "line": 1220, "column": 4 }, "end": { "line": 1220, "column": 53 } },
      "520": { "start": { "line": 1222, "column": 43 }, "end": { "line": 1222, "column": 67 } },
      "521": { "start": { "line": 1224, "column": 4 }, "end": { "line": 1226, "column": 5 } },
      "522": { "start": { "line": 1225, "column": 6 }, "end": { "line": 1225, "column": 13 } },
      "523": { "start": { "line": 1228, "column": 4 }, "end": { "line": 1228, "column": 48 } },
      "524": { "start": { "line": 1229, "column": 4 }, "end": { "line": 1229, "column": 41 } },
      "525": { "start": { "line": 1230, "column": 4 }, "end": { "line": 1230, "column": 45 } },
      "526": { "start": { "line": 1231, "column": 4 }, "end": { "line": 1231, "column": 33 } },
      "527": { "start": { "line": 1232, "column": 4 }, "end": { "line": 1232, "column": 42 } },
      "528": { "start": { "line": 1233, "column": 4 }, "end": { "line": 1233, "column": 33 } },
      "529": { "start": { "line": 1234, "column": 4 }, "end": { "line": 1234, "column": 41 } },
      "530": { "start": { "line": 1236, "column": 4 }, "end": { "line": 1236, "column": 56 } },
      "531": { "start": { "line": 1242, "column": 9 }, "end": { "line": 1253, "column": null } },
      "532": { "start": { "line": 1243, "column": 21 }, "end": { "line": 1243, "column": 87 } },
      "533": { "start": { "line": 1246, "column": 20 }, "end": { "line": 1246, "column": 74 } },
      "534": { "start": { "line": 1248, "column": 4 }, "end": { "line": 1252, "column": 5 } },
      "535": { "start": { "line": 1249, "column": 6 }, "end": { "line": 1251, "column": 7 } },
      "536": { "start": { "line": 1249, "column": 27 }, "end": { "line": 1249, "column": 36 } },
      "537": { "start": { "line": 1249, "column": 34 }, "end": { "line": 1249, "column": 36 } },
      "538": { "start": { "line": 1249, "column": 23 }, "end": { "line": 1249, "column": 27 } },
      "539": { "start": { "line": 1250, "column": 8 }, "end": { "line": 1250, "column": 24 } },
      "540": { "start": { "line": 1260, "column": 9 }, "end": { "line": 1273, "column": null } },
      "541": { "start": { "line": 1261, "column": 28 }, "end": { "line": 1262, "column": null } },
      "542": { "start": { "line": 1265, "column": 4 }, "end": { "line": 1267, "column": 5 } },
      "543": { "start": { "line": 1266, "column": 6 }, "end": { "line": 1266, "column": 13 } },
      "544": { "start": { "line": 1269, "column": 20 }, "end": { "line": 1269, "column": 73 } },
      "545": { "start": { "line": 1270, "column": 4 }, "end": { "line": 1272, "column": 5 } },
      "546": { "start": { "line": 1271, "column": 6 }, "end": { "line": 1271, "column": 43 } },
      "547": { "start": { "line": 1311, "column": 9 }, "end": { "line": 1530, "column": null } },
      "548": { "start": { "line": 1311, "column": 2 }, "end": { "line": 1311, "column": 9 } },
      "549": { "start": { "line": 1313, "column": 4 }, "end": { "line": 1529, "column": 8 } },
      "550": { "start": { "line": 1314, "column": 6 }, "end": { "line": 1314, "column": 37 } },
      "551": { "start": { "line": 1316, "column": 24 }, "end": { "line": 1316, "column": 25 } },
      "552": { "start": { "line": 1318, "column": 22 }, "end": { "line": 1318, "column": 65 } },
      "553": { "start": { "line": 1323, "column": 10 }, "end": { "line": 1334, "column": 11 } },
      "554": { "start": { "line": 1324, "column": 12 }, "end": { "line": 1326, "column": 13 } },
      "555": { "start": { "line": 1328, "column": 12 }, "end": { "line": 1331, "column": 14 } },
      "556": { "start": { "line": 1333, "column": 12 }, "end": { "line": 1333, "column": 95 } },
      "557": { "start": { "line": 1337, "column": 60 }, "end": { "line": 1339, "column": null } },
      "558": { "start": { "line": 1342, "column": 27 }, "end": { "line": 1342, "column": 87 } },
      "559": { "start": { "line": 1344, "column": 10 }, "end": { "line": 1526, "column": 11 } },
      "560": { "start": { "line": 1347, "column": 12 }, "end": { "line": 1352, "column": 13 } },
      "561": { "start": { "line": 1351, "column": 14 }, "end": { "line": 1351, "column": 48 } },
      "562": { "start": { "line": 1355, "column": 12 }, "end": { "line": 1355, "column": 59 } },
      "563": { "start": { "line": 1357, "column": 12 }, "end": { "line": 1357, "column": 26 } },
      "564": { "start": { "line": 1359, "column": 12 }, "end": { "line": 1393, "column": 17 } },
      "565": { "start": { "line": 1361, "column": 16 }, "end": { "line": 1361, "column": 39 } },
      "566": { "start": { "line": 1362, "column": 39 }, "end": { "line": 1362, "column": 72 } },
      "567": { "start": { "line": 1363, "column": 16 }, "end": { "line": 1363, "column": 58 } },
      "568": { "start": { "line": 1365, "column": 16 }, "end": { "line": 1373, "column": 17 } },
      "569": { "start": { "line": 1372, "column": 18 }, "end": { "line": 1372, "column": 56 } },
      "570": { "start": { "line": 1375, "column": 16 }, "end": { "line": 1375, "column": 63 } },
      "571": { "start": { "line": 1377, "column": 16 }, "end": { "line": 1381, "column": 17 } },
      "572": { "start": { "line": 1378, "column": 18 }, "end": { "line": 1378, "column": 50 } },
      "573": { "start": { "line": 1380, "column": 18 }, "end": { "line": 1380, "column": 32 } },
      "574": { "start": { "line": 1384, "column": 38 }, "end": { "line": 1384, "column": 71 } },
      "575": { "start": { "line": 1385, "column": 16 }, "end": { "line": 1385, "column": 100 } },
      "576": { "start": { "line": 1386, "column": 16 }, "end": { "line": 1386, "column": 52 } },
      "577": { "start": { "line": 1387, "column": 16 }, "end": { "line": 1387, "column": 62 } },
      "578": { "start": { "line": 1389, "column": 16 }, "end": { "line": 1392, "column": 17 } },
      "579": { "start": { "line": 1390, "column": 18 }, "end": { "line": 1390, "column": 50 } },
      "580": { "start": { "line": 1391, "column": 18 }, "end": { "line": 1391, "column": 32 } },
      "581": { "start": { "line": 1395, "column": 12 }, "end": { "line": 1453, "column": 13 } },
      "582": { "start": { "line": 1397, "column": 16 }, "end": { "line": 1451, "column": 19 } },
      "583": { "start": { "line": 1398, "column": 73 }, "end": { "line": 1398, "column": 75 } },
      "584": { "start": { "line": 1400, "column": 67 }, "end": { "line": 1402, "column": null } },
      "585": { "start": { "line": 1405, "column": 18 }, "end": { "line": 1407, "column": 19 } },
      "586": { "start": { "line": 1406, "column": 20 }, "end": { "line": 1406, "column": 69 } },
      "587": { "start": { "line": 1409, "column": 18 }, "end": { "line": 1411, "column": 19 } },
      "588": { "start": { "line": 1410, "column": 20 }, "end": { "line": 1410, "column": 82 } },
      "589": { "start": { "line": 1414, "column": 20 }, "end": { "line": 1414, "column": 34 } },
      "590": { "start": { "line": 1416, "column": 20 }, "end": { "line": 1449, "column": 25 } },
      "591": { "start": { "line": 1418, "column": 24 }, "end": { "line": 1418, "column": 52 } },
      "592": { "start": { "line": 1420, "column": 24 }, "end": { "line": 1420, "column": 71 } },
      "593": { "start": { "line": 1422, "column": 24 }, "end": { "line": 1422, "column": 66 } },
      "594": { "start": { "line": 1424, "column": 24 }, "end": { "line": 1429, "column": 25 } },
      "595": { "start": { "line": 1428, "column": 26 }, "end": { "line": 1428, "column": 59 } },
      "596": { "start": { "line": 1431, "column": 24 }, "end": { "line": 1431, "column": 66 } },
      "597": { "start": { "line": 1433, "column": 24 }, "end": { "line": 1437, "column": 25 } },
      "598": { "start": { "line": 1434, "column": 26 }, "end": { "line": 1434, "column": 58 } },
      "599": { "start": { "line": 1436, "column": 26 }, "end": { "line": 1436, "column": 40 } },
      "600": { "start": { "line": 1440, "column": 24 }, "end": { "line": 1440, "column": 104 } },
      "601": { "start": { "line": 1441, "column": 24 }, "end": { "line": 1441, "column": 56 } },
      "602": { "start": { "line": 1442, "column": 24 }, "end": { "line": 1442, "column": 66 } },
      "603": { "start": { "line": 1444, "column": 24 }, "end": { "line": 1448, "column": 25 } },
      "604": { "start": { "line": 1445, "column": 26 }, "end": { "line": 1445, "column": 58 } },
      "605": { "start": { "line": 1447, "column": 26 }, "end": { "line": 1447, "column": 40 } },
      "606": { "start": { "line": 1413, "column": 18 }, "end": { "line": 1450, "column": null } },
      "607": { "start": { "line": 1413, "column": 42 }, "end": { "line": 1413, "column": null } },
      "608": { "start": { "line": 1413, "column": 77 }, "end": { "line": 1413, "column": null } },
      "609": { "start": { "line": 1413, "column": 38 }, "end": { "line": 1413, "column": 42 } },
      "610": { "start": { "line": 1413, "column": 29 }, "end": { "line": 1413, "column": 42 } },
      "611": { "start": { "line": 1396, "column": 14 }, "end": { "line": 1452, "column": null } },
      "612": { "start": { "line": 1396, "column": 37 }, "end": { "line": 1396, "column": null } },
      "613": { "start": { "line": 1396, "column": 87 }, "end": { "line": 1396, "column": null } },
      "614": { "start": { "line": 1396, "column": 33 }, "end": { "line": 1396, "column": 37 } },
      "615": { "start": { "line": 1396, "column": 25 }, "end": { "line": 1396, "column": 37 } },
      "616": { "start": { "line": 1458, "column": 12 }, "end": { "line": 1460, "column": 13 } },
      "617": { "start": { "line": 1462, "column": 12 }, "end": { "line": 1525, "column": 15 } },
      "618": { "start": { "line": 1470, "column": 38 }, "end": { "line": 1524, "column": null } },
      "619": { "start": { "line": 1471, "column": 16 }, "end": { "line": 1473, "column": 17 } },
      "620": { "start": { "line": 1472, "column": 18 }, "end": { "line": 1472, "column": 25 } },
      "621": { "start": { "line": 1476, "column": 16 }, "end": { "line": 1476, "column": 63 } },
      "622": { "start": { "line": 1479, "column": 22 }, "end": { "line": 1479, "column": 84 } },
      "623": { "start": { "line": 1480, "column": 16 }, "end": { "line": 1482, "column": 17 } },
      "624": { "start": { "line": 1481, "column": 18 }, "end": { "line": 1481, "column": 116 } },
      "625": { "start": { "line": 1484, "column": 16 }, "end": { "line": 1484, "column": 63 } },
      "626": { "start": { "line": 1486, "column": 16 }, "end": { "line": 1486, "column": 30 } },
      "627": { "start": { "line": 1488, "column": 16 }, "end": { "line": 1523, "column": 21 } },
      "628": { "start": { "line": 1490, "column": 20 }, "end": { "line": 1490, "column": 43 } },
      "629": { "start": { "line": 1491, "column": 43 }, "end": { "line": 1491, "column": 76 } },
      "630": { "start": { "line": 1492, "column": 20 }, "end": { "line": 1492, "column": 114 } },
      "631": { "start": { "line": 1494, "column": 20 }, "end": { "line": 1502, "column": 21 } },
      "632": { "start": { "line": 1501, "column": 22 }, "end": { "line": 1501, "column": 60 } },
      "633": { "start": { "line": 1504, "column": 20 }, "end": { "line": 1504, "column": 67 } },
      "634": { "start": { "line": 1506, "column": 20 }, "end": { "line": 1510, "column": 21 } },
      "635": { "start": { "line": 1507, "column": 22 }, "end": { "line": 1507, "column": 54 } },
      "636": { "start": { "line": 1509, "column": 22 }, "end": { "line": 1509, "column": 36 } },
      "637": { "start": { "line": 1513, "column": 42 }, "end": { "line": 1513, "column": 75 } },
      "638": { "start": { "line": 1514, "column": 20 }, "end": { "line": 1514, "column": 104 } },
      "639": { "start": { "line": 1515, "column": 20 }, "end": { "line": 1515, "column": 56 } },
      "640": { "start": { "line": 1516, "column": 20 }, "end": { "line": 1516, "column": 66 } },
      "641": { "start": { "line": 1518, "column": 20 }, "end": { "line": 1522, "column": 21 } },
      "642": { "start": { "line": 1519, "column": 22 }, "end": { "line": 1519, "column": 54 } },
      "643": { "start": { "line": 1521, "column": 22 }, "end": { "line": 1521, "column": 36 } },
      "644": { "start": { "line": 1321, "column": 8 }, "end": { "line": 1527, "column": null } },
      "645": { "start": { "line": 1321, "column": 36 }, "end": { "line": 1321, "column": null } },
      "646": { "start": { "line": 1321, "column": 85 }, "end": { "line": 1321, "column": null } },
      "647": { "start": { "line": 1321, "column": 32 }, "end": { "line": 1321, "column": 36 } },
      "648": { "start": { "line": 1321, "column": 19 }, "end": { "line": 1321, "column": 36 } },
      "649": { "start": { "line": 1320, "column": 6 }, "end": { "line": 1528, "column": null } },
      "650": { "start": { "line": 1320, "column": 30 }, "end": { "line": 1320, "column": null } },
      "651": { "start": { "line": 1320, "column": 73 }, "end": { "line": 1320, "column": null } },
      "652": { "start": { "line": 1320, "column": 26 }, "end": { "line": 1320, "column": 30 } },
      "653": { "start": { "line": 1320, "column": 17 }, "end": { "line": 1320, "column": 30 } },
      "654": { "start": { "line": 1540, "column": 9 }, "end": { "line": 1544, "column": null } },
      "655": { "start": { "line": 1541, "column": 4 }, "end": { "line": 1543, "column": 5 } },
      "656": { "start": { "line": 1542, "column": 6 }, "end": { "line": 1542, "column": 52 } },
      "657": { "start": { "line": 1555, "column": 9 }, "end": { "line": 1559, "column": null } },
      "658": { "start": { "line": 1556, "column": 4 }, "end": { "line": 1558, "column": 5 } },
      "659": { "start": { "line": 1557, "column": 6 }, "end": { "line": 1557, "column": 45 } },
      "660": { "start": { "line": 1568, "column": 9 }, "end": { "line": 1584, "column": null } },
      "661": { "start": { "line": 1576, "column": 4 }, "end": { "line": 1583, "column": 6 } },
      "662": { "start": { "line": 1688, "column": 2 }, "end": { "line": 1700, "column": null } },
      "663": { "start": { "line": 1689, "column": 4 }, "end": { "line": 1699, "column": 5 } },
      "664": { "start": { "line": 1691, "column": 8 }, "end": { "line": 1691, "column": 84 } },
      "665": { "start": { "line": 1692, "column": 8 }, "end": { "line": 1692, "column": 14 } },
      "666": { "start": { "line": 1694, "column": 8 }, "end": { "line": 1694, "column": 84 } },
      "667": { "start": { "line": 1695, "column": 8 }, "end": { "line": 1695, "column": 14 } },
      "668": { "start": { "line": 1697, "column": 8 }, "end": { "line": 1697, "column": 85 } },
      "669": { "start": { "line": 1698, "column": 8 }, "end": { "line": 1698, "column": 14 } },
      "670": { "start": { "line": 1701, "column": 0 }, "end": { "line": 1701, "column": null } },
      "671": { "start": { "line": 164, "column": 13 }, "end": { "line": 164, "column": 18 } },
      "672": { "start": { "line": 1704, "column": 0 }, "end": { "line": 1704, "column": null } },
      "673": { "start": { "line": 1704, "column": 32 }, "end": { "line": 1704, "column": 37 } },
      "674": { "start": { "line": 1710, "column": 4 }, "end": { "line": 1710, "column": 24 } },
      "675": { "start": { "line": 1712, "column": 0 }, "end": { "line": 1712, "column": null } },
      "676": { "start": { "line": 1704, "column": 13 }, "end": { "line": 1704, "column": 23 } },
      "677": { "start": { "line": 1714, "column": 0 }, "end": { "line": 1714, "column": null } },
      "678": { "start": { "line": 1714, "column": 34 }, "end": { "line": 1714, "column": 44 } },
      "679": { "start": { "line": 1723, "column": 4 }, "end": { "line": 1723, "column": 58 } },
      "680": { "start": { "line": 1725, "column": 0 }, "end": { "line": 1725, "column": null } },
      "681": { "start": { "line": 1714, "column": 13 }, "end": { "line": 1714, "column": 25 } },
      "682": { "start": { "line": 1734, "column": 2 }, "end": { "line": 1736, "column": 3 } },
      "683": { "start": { "line": 1735, "column": 4 }, "end": { "line": 1735, "column": 31 } },
      "684": { "start": { "line": 1737, "column": 2 }, "end": { "line": 1740, "column": 5 } },
      "685": { "start": { "line": 1738, "column": 14 }, "end": { "line": 1738, "column": 16 } },
      "686": { "start": { "line": 1739, "column": 4 }, "end": { "line": 1739, "column": 95 } },
      "687": { "start": { "line": 1752, "column": 44 }, "end": { "line": 1752, "column": null } },
      "688": { "start": { "line": 1753, "column": 21 }, "end": { "line": 1753, "column": 41 } },
      "689": { "start": { "line": 1754, "column": 16 }, "end": { "line": 1754, "column": 37 } },
      "690": { "start": { "line": 1755, "column": 41 }, "end": { "line": 1755, "column": 43 } },
      "691": { "start": { "line": 1756, "column": 10 }, "end": { "line": 1756, "column": 11 } },
      "692": { "start": { "line": 1761, "column": 2 }, "end": { "line": 1763, "column": 3 } },
      "693": { "start": { "line": 1762, "column": 4 }, "end": { "line": 1762, "column": 16 } },
      "694": { "start": { "line": 1765, "column": 2 }, "end": { "line": 1768, "column": 5 } },
      "695": { "start": { "line": 1766, "column": 4 }, "end": { "line": 1766, "column": 20 } },
      "696": { "start": { "line": 1767, "column": 4 }, "end": { "line": 1767, "column": 14 } },
      "697": { "start": { "line": 1770, "column": 2 }, "end": { "line": 1773, "column": 3 } },
      "698": { "start": { "line": 1772, "column": 4 }, "end": { "line": 1772, "column": 61 } },
      "699": { "start": { "line": 1775, "column": 2 }, "end": { "line": 1778, "column": 3 } },
      "700": { "start": { "line": 1777, "column": 4 }, "end": { "line": 1777, "column": 64 } },
      "701": { "start": { "line": 1779, "column": 2 }, "end": { "line": 1782, "column": 3 } },
      "702": { "start": { "line": 1781, "column": 4 }, "end": { "line": 1781, "column": 58 } },
      "703": { "start": { "line": 1784, "column": 2 }, "end": { "line": 1786, "column": 3 } },
      "704": { "start": { "line": 1785, "column": 4 }, "end": { "line": 1785, "column": 38 } },
      "705": { "start": { "line": 1788, "column": 2 }, "end": { "line": 1788, "column": 14 } },
      "706": { "start": { "line": 1792, "column": 2 }, "end": { "line": 1792, "column": 21 } }
    },
    "fnMap": {
      "0": {
        "name": "resolveLdapUrl",
        "decl": { "start": { "line": 98, "column": 16 }, "end": { "line": 98, "column": 30 } },
        "loc": { "start": { "line": 98, "column": 30 }, "end": { "line": 139, "column": 1 } }
      },
      "1": {
        "name": "(anonymous_1)",
        "decl": { "start": { "line": 164, "column": 0 }, "end": { "line": 164, "column": 13 } },
        "loc": { "start": { "line": 164, "column": 0 }, "end": { "line": 1701, "column": null } }
      },
      "2": {
        "name": "CodBi",
        "decl": { "start": { "line": 1594, "column": 2 }, "end": { "line": 1594, "column": null } },
        "loc": { "start": { "line": 1624, "column": 135 }, "end": { "line": 1686, "column": 3 } }
      },
      "3": {
        "name": "(anonymous_3)",
        "decl": { "start": { "line": 1634, "column": 35 }, "end": { "line": 1634, "column": 36 } },
        "loc": { "start": { "line": 1634, "column": 62 }, "end": { "line": 1675, "column": 5 } }
      },
      "4": {
        "name": "(anonymous_4)",
        "decl": { "start": { "line": 1677, "column": 44 }, "end": { "line": 1677, "column": 45 } },
        "loc": { "start": { "line": 1677, "column": 80 }, "end": { "line": 1684, "column": 5 } }
      },
      "5": {
        "name": "(anonymous_5)",
        "decl": { "start": { "line": 169, "column": 2 }, "end": { "line": 169, "column": 16 } },
        "loc": { "start": { "line": 169, "column": 50 }, "end": { "line": 179, "column": null } }
      },
      "6": {
        "name": "(anonymous_8)",
        "decl": { "start": { "line": 175, "column": 22 }, "end": { "line": 175, "column": 23 } },
        "loc": { "start": { "line": 175, "column": 22 }, "end": { "line": 175, "column": 23 } }
      },
      "7": {
        "name": "(anonymous_9)",
        "decl": { "start": { "line": 187, "column": 2 }, "end": { "line": 187, "column": 12 } },
        "loc": { "start": { "line": 187, "column": 63 }, "end": { "line": 200, "column": 3 } }
      },
      "8": {
        "name": "(anonymous_10)",
        "decl": { "start": { "line": 210, "column": 2 }, "end": { "line": 210, "column": 9 } },
        "loc": { "start": { "line": 210, "column": 36 }, "end": { "line": 225, "column": 3 } }
      },
      "9": {
        "name": "(anonymous_11)",
        "decl": { "start": { "line": 219, "column": 15 }, "end": { "line": 219, "column": 22 } },
        "loc": { "start": { "line": 219, "column": 30 }, "end": { "line": 223, "column": null } }
      },
      "10": {
        "name": "(anonymous_12)",
        "decl": { "start": { "line": 219, "column": 30 }, "end": { "line": 219, "column": null } },
        "loc": { "start": { "line": 219, "column": 30 }, "end": { "line": 223, "column": null } }
      },
      "11": {
        "name": "(anonymous_14)",
        "decl": { "start": { "line": 264, "column": 2 }, "end": { "line": 264, "column": 9 } },
        "loc": { "start": { "line": 266, "column": 111 }, "end": { "line": 280, "column": 3 } }
      },
      "12": {
        "name": "(anonymous_15)",
        "decl": { "start": { "line": 293, "column": 2 }, "end": { "line": 293, "column": 9 } },
        "loc": { "start": { "line": 295, "column": 112 }, "end": { "line": 331, "column": 3 } }
      },
      "13": {
        "name": "(anonymous_16)",
        "decl": { "start": { "line": 308, "column": 28 }, "end": { "line": 308, "column": 29 } },
        "loc": { "start": { "line": 308, "column": 50 }, "end": { "line": 328, "column": 5 } }
      },
      "14": {
        "name": "(anonymous_17)",
        "decl": { "start": { "line": 315, "column": 41 }, "end": { "line": 315, "column": 42 } },
        "loc": { "start": { "line": 315, "column": 49 }, "end": { "line": 327, "column": 7 } }
      },
      "15": {
        "name": "(anonymous_18)",
        "decl": { "start": { "line": 316, "column": 57 }, "end": { "line": 316, "column": 58 } },
        "loc": { "start": { "line": 316, "column": 84 }, "end": { "line": 326, "column": 9 } }
      },
      "16": {
        "name": "(anonymous_19)",
        "decl": { "start": { "line": 322, "column": 56 }, "end": { "line": 322, "column": 57 } },
        "loc": { "start": { "line": 322, "column": 80 }, "end": { "line": 324, "column": 13 } }
      },
      "17": {
        "name": "(anonymous_20)",
        "decl": { "start": { "line": 342, "column": 2 }, "end": { "line": 342, "column": 9 } },
        "loc": { "start": { "line": 342, "column": 41 }, "end": { "line": 373, "column": 3 } }
      },
      "18": {
        "name": "(anonymous_21)",
        "decl": { "start": { "line": 380, "column": 2 }, "end": { "line": 380, "column": 9 } },
        "loc": { "start": { "line": 380, "column": 44 }, "end": { "line": 408, "column": 3 } }
      },
      "19": {
        "name": "(anonymous_22)",
        "decl": { "start": { "line": 407, "column": 21 }, "end": { "line": 407, "column": 22 } },
        "loc": { "start": { "line": 407, "column": 26 }, "end": { "line": 407, "column": 35 } }
      },
      "20": {
        "name": "(anonymous_23)",
        "decl": { "start": { "line": 416, "column": 2 }, "end": { "line": 416, "column": 9 } },
        "loc": { "start": { "line": 416, "column": 46 }, "end": { "line": 544, "column": 3 } }
      },
      "21": {
        "name": "(anonymous_24)",
        "decl": { "start": { "line": 417, "column": 23 }, "end": { "line": 417, "column": 24 } },
        "loc": { "start": { "line": 417, "column": 39 }, "end": { "line": 543, "column": 5 } }
      },
      "22": {
        "name": "(anonymous_26)",
        "decl": { "start": { "line": 433, "column": 20 }, "end": { "line": 433, "column": 21 } },
        "loc": { "start": { "line": 433, "column": 25 }, "end": { "line": 466, "column": 15 } }
      },
      "23": {
        "name": "(anonymous_27)",
        "decl": { "start": { "line": 440, "column": 26 }, "end": { "line": 440, "column": 27 } },
        "loc": { "start": { "line": 440, "column": 31 }, "end": { "line": 450, "column": 21 } }
      },
      "24": {
        "name": "(anonymous_28)",
        "decl": { "start": { "line": 451, "column": 27 }, "end": { "line": 451, "column": 28 } },
        "loc": { "start": { "line": 451, "column": 38 }, "end": { "line": 453, "column": 21 } }
      },
      "25": {
        "name": "(anonymous_29)",
        "decl": { "start": { "line": 467, "column": 21 }, "end": { "line": 467, "column": 22 } },
        "loc": { "start": { "line": 467, "column": 32 }, "end": { "line": 469, "column": 15 } }
      },
      "26": {
        "name": "(anonymous_30)",
        "decl": { "start": { "line": 487, "column": 23 }, "end": { "line": 487, "column": 30 } },
[...]
          { "start": { "line": 54, "column": 82 }, "end": { "line": 54, "column": 103 } }
        ]
      },
      "2": {
        "loc": { "start": { "line": 60, "column": 6 }, "end": { "line": 62, "column": 37 } },
        "type": "cond-expr",
        "locations": [
          { "start": { "line": 61, "column": 10 }, "end": { "line": 61, "column": 30 } },
          { "start": { "line": 62, "column": 10 }, "end": { "line": 62, "column": 37 } }
        ]
      },
      "3": {
        "loc": { "start": { "line": 60, "column": 6 }, "end": { "line": 60, "column": 70 } },
        "type": "binary-expr",
        "locations": [
          { "start": { "line": 60, "column": 6 }, "end": { "line": 60, "column": 26 } },
          { "start": { "line": 60, "column": 30 }, "end": { "line": 60, "column": 70 } }
        ]
      },
      "4": {
        "loc": { "start": { "line": 64, "column": 6 }, "end": { "line": 66, "column": 37 } },
        "type": "cond-expr",
        "locations": [
          { "start": { "line": 65, "column": 10 }, "end": { "line": 65, "column": 30 } },
          { "start": { "line": 66, "column": 10 }, "end": { "line": 66, "column": 37 } }
        ]
      },
      "5": {
        "loc": { "start": { "line": 64, "column": 6 }, "end": { "line": 64, "column": 70 } },
        "type": "binary-expr",
        "locations": [
          { "start": { "line": 64, "column": 6 }, "end": { "line": 64, "column": 26 } },
          { "start": { "line": 64, "column": 30 }, "end": { "line": 64, "column": 70 } }
        ]
      },
      "6": {
        "loc": { "start": { "line": 68, "column": 6 }, "end": { "line": 70, "column": 15 } },
        "type": "cond-expr",
        "locations": [
          { "start": { "line": 69, "column": 11 }, "end": { "line": 69, "column": 47 } },
          { "start": { "line": 70, "column": 10 }, "end": { "line": 70, "column": 15 } }
        ]
      },
      "7": {
        "loc": { "start": { "line": 68, "column": 6 }, "end": { "line": 68, "column": 79 } },
        "type": "binary-expr",
        "locations": [
          { "start": { "line": 68, "column": 6 }, "end": { "line": 68, "column": 30 } },
          { "start": { "line": 68, "column": 34 }, "end": { "line": 68, "column": 79 } }
        ]
      },
      "8": {
        "loc": { "start": { "line": 73, "column": 6 }, "end": { "line": 97, "column": 7 } },
        "type": "if",
        "locations": [
          { "start": { "line": 73, "column": 6 }, "end": { "line": 97, "column": 7 } },
          { "start": { "line": 85, "column": 13 }, "end": { "line": 97, "column": 7 } }
        ]
      },
      "9": {
        "loc": { "start": { "line": 74, "column": 8 }, "end": { "line": 84, "column": 9 } },
        "type": "if",
        "locations": [
          { "start": { "line": 74, "column": 8 }, "end": { "line": 84, "column": 9 } },
          { "start": { "line": 81, "column": 15 }, "end": { "line": 84, "column": 9 } }
        ]
      },
      "10": {
        "loc": { "start": { "line": 86, "column": 8 }, "end": { "line": 96, "column": 9 } },
        "type": "if",
        "locations": [
          { "start": { "line": 86, "column": 8 }, "end": { "line": 96, "column": 9 } },
          { "start": { "line": 93, "column": 15 }, "end": { "line": 96, "column": 9 } }
        ]
      },
      "11": {
        "loc": { "start": { "line": 101, "column": 6 }, "end": { "line": 125, "column": 7 } },
        "type": "if",
        "locations": [
          { "start": { "line": 101, "column": 6 }, "end": { "line": 125, "column": 7 } },
          { "start": { "line": 113, "column": 13 }, "end": { "line": 125, "column": 7 } }
        ]
      },
      "12": {
        "loc": { "start": { "line": 102, "column": 8 }, "end": { "line": 112, "column": 9 } },
        "type": "if",
        "locations": [
          { "start": { "line": 102, "column": 8 }, "end": { "line": 112, "column": 9 } },
          { "start": { "line": 109, "column": 15 }, "end": { "line": 112, "column": 9 } }
        ]
      },
      "13": {
        "loc": { "start": { "line": 114, "column": 8 }, "end": { "line": 124, "column": 9 } },
        "type": "if",
        "locations": [
          { "start": { "line": 114, "column": 8 }, "end": { "line": 124, "column": 9 } },
          { "start": { "line": 121, "column": 15 }, "end": { "line": 124, "column": 9 } }
        ]
      },
      "14": {
        "loc": { "start": { "line": 48, "column": 15 }, "end": { "line": 48, "column": null } },
        "type": "cond-expr",
        "locations": [
          { "start": { "line": 48, "column": 22 }, "end": { "line": 48, "column": null } },
          { "start": { "line": 48, "column": 22 }, "end": { "line": 48, "column": null } }
        ]
      },
      "15": {
        "loc": { "start": { "line": 48, "column": 15 }, "end": { "line": 48, "column": 22 } },
        "type": "binary-expr",
        "locations": [
          { "start": { "line": 48, "column": 15 }, "end": { "line": 48, "column": null } },
          { "start": { "line": 48, "column": 15 }, "end": { "line": 48, "column": 22 } }
        ]
      }
    },
    "s": {
      "0": 3,
      "1": 3,
      "2": 3,
      "3": 3,
      "4": 3,
      "5": 3,
      "6": 3,
      "7": 3,
      "8": 3,
      "9": 3,
      "10": 6,
      "11": 13,
      "12": 13,
      "13": 0,
      "14": 13,
      "15": 13,
      "16": 13,
      "17": 13,
      "18": 13,
      "19": 6,
      "20": 4,
      "21": 3,
      "22": 1,
      "23": 1,
      "24": 2,
      "25": 0,
      "26": 2,
      "27": 2,
      "28": 13,
      "29": 7,
      "30": 5,
      "31": 4,
      "32": 1,
      "33": 1,
      "34": 2,
      "35": 1,
      "36": 1,
      "37": 1,
      "38": 13,
      "39": 13,
      "40": 3,
      "41": 3,
      "42": 3
    },
    "f": { "0": 3, "1": 13, "2": 6, "3": 7 },
    "b": {
      "0": [0],
      "1": [13, 13, 13],
      "2": [1, 12],
      "3": [13, 1],
      "4": [1, 12],
      "5": [13, 1],
      "6": [4, 9],
      "7": [13, 8],
      "8": [4, 2],
      "9": [3, 1],
      "10": [0, 2],
      "11": [5, 2],
      "12": [4, 1],
      "13": [1, 1],
      "14": [3, 0],
      "15": [3, 3]
    }
  },
  "C:\\Users\\callari\\Git\\CodBi-Dev\\src\\main\\web\\packages\\form\\src\\js\\commons\\format-wait-time.ts": {
    "path": "C:\\Users\\callari\\Git\\CodBi-Dev\\src\\main\\web\\packages\\form\\src\\js\\commons\\format-wait-time.ts",
    "statementMap": {
      "0": { "start": { "line": 9, "column": 0 }, "end": { "line": 9, "column": 16 } },
      "1": { "start": { "line": 10, "column": 2 }, "end": { "line": 12, "column": 3 } },
      "2": { "start": { "line": 11, "column": 4 }, "end": { "line": 11, "column": 14 } },
      "3": { "start": { "line": 13, "column": 23 }, "end": { "line": 13, "column": 44 } },
      "4": { "start": { "line": 14, "column": 2 }, "end": { "line": 16, "column": 3 } },
      "5": { "start": { "line": 15, "column": 4 }, "end": { "line": 15, "column": 33 } },
      "6": { "start": { "line": 17, "column": 18 }, "end": { "line": 17, "column": 47 } },
      "7": { "start": { "line": 18, "column": 2 }, "end": { "line": 18, "column": 26 } }
    },
    "fnMap": {
      "0": {
        "name": "formatWaitTime",
        "decl": { "start": { "line": 9, "column": 16 }, "end": { "line": 9, "column": 30 } },
        "loc": { "start": { "line": 9, "column": 60 }, "end": { "line": 19, "column": 1 } }
      }
    },
    "branchMap": {
      "0": {
        "loc": { "start": { "line": 10, "column": 2 }, "end": { "line": 12, "column": 3 } },
        "type": "if",
        "locations": [{ "start": { "line": 10, "column": 2 }, "end": { "line": 12, "column": 3 } }]
      },
      "1": {
        "loc": { "start": { "line": 10, "column": 6 }, "end": { "line": 10, "column": 27 } },
        "type": "binary-expr",
        "locations": [
          { "start": { "line": 10, "column": 6 }, "end": { "line": 10, "column": 16 } },
          { "start": { "line": 10, "column": 20 }, "end": { "line": 10, "column": 27 } }
        ]
      },
      "2": {
        "loc": { "start": { "line": 14, "column": 2 }, "end": { "line": 16, "column": 3 } },
        "type": "if",
        "locations": [{ "start": { "line": 14, "column": 2 }, "end": { "line": 16, "column": 3 } }]
      }
    },
    "s": { "0": 1, "1": 12, "2": 4, "3": 8, "4": 8, "5": 4, "6": 4, "7": 4 },
    "f": { "0": 12 },
    "b": { "0": [4], "1": [12, 10], "2": [4] }
  },
  "C:\\Users\\callari\\Git\\CodBi-Dev\\src\\main\\web\\packages\\form\\src\\js\\commons\\wake-lock.ts": {
    "path": "C:\\Users\\callari\\Git\\CodBi-Dev\\src\\main\\web\\packages\\form\\src\\js\\commons\\wake-lock.ts",
    "statementMap": {
      "0": { "start": { "line": 11, "column": 0 }, "end": { "line": 11, "column": 22 } },
      "1": { "start": { "line": 28, "column": 0 }, "end": { "line": 28, "column": 22 } },
      "2": { "start": { "line": 6, "column": 42 }, "end": { "line": 6, "column": 46 } },
      "3": { "start": { "line": 7, "column": 15 }, "end": { "line": 7, "column": 16 } },
      "4": { "start": { "line": 12, "column": 2 }, "end": { "line": 12, "column": 13 } },
      "5": { "start": { "line": 14, "column": 2 }, "end": { "line": 16, "column": 3 } },
      "6": { "start": { "line": 15, "column": 4 }, "end": { "line": 15, "column": 11 } },
      "7": { "start": { "line": 20, "column": 17 }, "end": { "line": 20, "column": 70 } },
      "8": { "start": { "line": 20, "column": 4 }, "end": { "line": 20, "column": 70 } },
      "9": { "start": { "line": 29, "column": 2 }, "end": { "line": 29, "column": 39 } },
      "10": { "start": { "line": 31, "column": 6 }, "end": { "line": 31, "column": 14 } },
      "11": { "start": { "line": 33, "column": 6 }, "end": { "line": 33, "column": 33 } },
      "12": { "start": { "line": 38, "column": 4 }, "end": { "line": 38, "column": 22 } }
    },
    "fnMap": {
      "0": {
        "name": "acquireWakeLock",
        "decl": { "start": { "line": 11, "column": 22 }, "end": { "line": 11, "column": 37 } },
        "loc": { "start": { "line": 11, "column": 37 }, "end": { "line": 24, "column": null } }
      },
      "1": {
        "name": "releaseWakeLock",
        "decl": { "start": { "line": 28, "column": 22 }, "end": { "line": 28, "column": 37 } },
        "loc": { "start": { "line": 28, "column": 37 }, "end": { "line": 40, "column": null } }
      }
    },
    "branchMap": {
      "0": {
        "loc": { "start": { "line": 14, "column": 2 }, "end": { "line": 16, "column": 3 } },
        "type": "if",
        "locations": [{ "start": { "line": 14, "column": 2 }, "end": { "line": 16, "column": 3 } }]
      },
      "1": {
        "loc": { "start": { "line": 20, "column": 23 }, "end": { "line": 20, "column": 69 } },
        "type": "cond-expr",
        "locations": [
          { "start": { "line": 20, "column": 50 }, "end": { "line": 20, "column": 52 } },
          { "start": { "line": 20, "column": 50 }, "end": { "line": 20, "column": 69 } }
        ]
      },
      "2": {
        "loc": { "start": { "line": 20, "column": 23 }, "end": { "line": 20, "column": 52 } },
        "type": "binary-expr",
        "locations": [
          { "start": { "line": 20, "column": 23 }, "end": { "line": 20, "column": 52 } },
          { "start": { "line": 20, "column": 50 }, "end": { "line": 20, "column": 52 } }
        ]
      },
      "3": {
        "loc": { "start": { "line": 31, "column": 6 }, "end": { "line": 31, "column": 14 } },
        "type": "if",
        "locations": [{ "start": { "line": 31, "column": 6 }, "end": { "line": 31, "column": 14 } }]
      },
      "4": {
        "loc": { "start": { "line": 31, "column": 6 }, "end": { "line": 31, "column": 34 } },
        "type": "binary-expr",
        "locations": [
          { "start": { "line": 31, "column": 6 }, "end": { "line": 31, "column": 20 } },
          { "start": { "line": 31, "column": 24 }, "end": { "line": 31, "column": 34 } }
        ]
      }
    },
    "s": { "0": 1, "1": 1, "2": 1, "3": 1, "4": 2, "5": 2, "6": 1, "7": 1, "8": 1, "9": 3, "10": 5, "11": 2, "12": 1 },
    "f": { "0": 2, "1": 3 },
    "b": { "0": [1], "1": [0, 1], "2": [1, 1], "3": [2], "4": [3, 2] }
  },
  "C:\\Users\\callari\\Git\\CodBi-Dev\\src\\main\\web\\packages\\form\\src\\js\\commons\\whisper-utils.ts": {
    "path": "C:\\Users\\callari\\Git\\CodBi-Dev\\src\\main\\web\\packages\\form\\src\\js\\commons\\whisper-utils.ts",
    "statementMap": {
      "0": { "start": { "line": 4, "column": 0 }, "end": { "line": 4, "column": 16 } },
      "1": { "start": { "line": 35, "column": 0 }, "end": { "line": 35, "column": 22 } },
      "2": { "start": { "line": 5, "column": 16 }, "end": { "line": 5, "column": 94 } },
      "3": { "start": { "line": 7, "column": 2 }, "end": { "line": 11, "column": 3 } },
      "4": { "start": { "line": 7, "column": 21 }, "end": { "line": 7, "column": 28 } },
      "5": { "start": { "line": 7, "column": 26 }, "end": { "line": 7, "column": 28 } },
      "6": { "start": { "line": 7, "column": 17 }, "end": { "line": 7, "column": 21 } },
      "7": { "start": { "line": 8, "column": 4 }, "end": { "line": 10, "column": 5 } },
      "8": { "start": { "line": 9, "column": 6 }, "end": { "line": 9, "column": 18 } },
      "9": { "start": { "line": 13, "column": 2 }, "end": { "line": 13, "column": 12 } },
      "10": { "start": { "line": 23, "column": 2 }, "end": { "line": 25, "column": 3 } },
      "11": { "start": { "line": 23, "column": 15 }, "end": { "line": 23, "column": 16 } },
      "12": { "start": { "line": 24, "column": 4 }, "end": { "line": 24, "column": 49 } },
      "13": { "start": { "line": 36, "column": 22 }, "end": { "line": 36, "column": null } },
      "14": { "start": { "line": 36, "column": 8 }, "end": { "line": 36, "column": null } },
      "15": { "start": { "line": 37, "column": 8 }, "end": { "line": 37, "column": 42 } },
      "16": { "start": { "line": 38, "column": 22 }, "end": { "line": 38, "column": null } },
      "17": { "start": { "line": 38, "column": 8 }, "end": { "line": 38, "column": null } },
      "18": { "start": { "line": 41, "column": 8 }, "end": { "line": 41, "column": 39 } },
      "19": { "start": { "line": 42, "column": 8 }, "end": { "line": 42, "column": 44 } },
      "20": { "start": { "line": 43, "column": 8 }, "end": { "line": 43, "column": 43 } },
      "21": { "start": { "line": 45, "column": 2 }, "end": { "line": 51, "column": 3 } },
      "22": { "start": { "line": 46, "column": 10 }, "end": { "line": 46, "column": 55 } },
      "23": { "start": { "line": 48, "column": 4 }, "end": { "line": 50, "column": 5 } },
      "24": { "start": { "line": 49, "column": 6 }, "end": { "line": 49, "column": 32 } },
      "25": { "start": { "line": 53, "column": 2 }, "end": { "line": 59, "column": 3 } },
      "26": { "start": { "line": 54, "column": 10 }, "end": { "line": 54, "column": 51 } },
      "27": { "start": { "line": 56, "column": 4 }, "end": { "line": 58, "column": 5 } },
      "28": { "start": { "line": 57, "column": 6 }, "end": { "line": 57, "column": 23 } },
      "29": { "start": { "line": 62, "column": 8 }, "end": { "line": 62, "column": 27 } },
      "30": { "start": { "line": 63, "column": 8 }, "end": { "line": 63, "column": 48 } },
      "31": { "start": { "line": 64, "column": 8 }, "end": { "line": 64, "column": 50 } },
      "32": { "start": { "line": 65, "column": 8 }, "end": { "line": 65, "column": 36 } },
      "33": { "start": { "line": 67, "column": 2 }, "end": { "line": 67, "column": 31 } },
      "34": { "start": { "line": 68, "column": 2 }, "end": { "line": 68, "column": 43 } },
      "35": { "start": { "line": 69, "column": 2 }, "end": { "line": 69, "column": 31 } },
      "36": { "start": { "line": 70, "column": 2 }, "end": { "line": 70, "column": 32 } },
      "37": { "start": { "line": 71, "column": 2 }, "end": { "line": 71, "column": 31 } },
      "38": { "start": { "line": 72, "column": 2 }, "end": { "line": 72, "column": 30 } },
      "39": { "start": { "line": 73, "column": 2 }, "end": { "line": 73, "column": 30 } },
      "40": { "start": { "line": 74, "column": 2 }, "end": { "line": 74, "column": 39 } },
      "41": { "start": { "line": 75, "column": 2 }, "end": { "line": 75, "column": 56 } },
      "42": { "start": { "line": 76, "column": 2 }, "end": { "line": 76, "column": 43 } },
      "43": { "start": { "line": 77, "column": 2 }, "end": { "line": 77, "column": 31 } },
      "44": { "start": { "line": 78, "column": 2 }, "end": { "line": 78, "column": 32 } },
      "45": { "start": { "line": 79, "column": 2 }, "end": { "line": 79, "column": 39 } },
      "46": { "start": { "line": 81, "column": 6 }, "end": { "line": 81, "column": 18 } },
      "47": { "start": { "line": 83, "column": 2 }, "end": { "line": 89, "column": 3 } },
      "48": { "start": { "line": 84, "column": 10 }, "end": { "line": 84, "column": 54 } },
      "49": { "start": { "line": 86, "column": 4 }, "end": { "line": 86, "column": 80 } },
      "50": { "start": { "line": 88, "column": 4 }, "end": { "line": 88, "column": 16 } },
      "51": { "start": { "line": 91, "column": 2 }, "end": { "line": 91, "column": 29 } },
      "52": { "start": { "line": 93, "column": 2 }, "end": { "line": 93, "column": 51 } }
    },
    "fnMap": {
      "0": {
        "name": "preferredMimeType",
        "decl": { "start": { "line": 4, "column": 16 }, "end": { "line": 4, "column": 33 } },
        "loc": { "start": { "line": 4, "column": 33 }, "end": { "line": 14, "column": 1 } }
      },
      "1": {
        "name": "writeString",
        "decl": { "start": { "line": 22, "column": 9 }, "end": { "line": 22, "column": 20 } },
        "loc": { "start": { "line": 22, "column": 64 }, "end": { "line": 26, "column": 1 } }
      },
      "2": {
        "name": "convertToWav",
        "decl": { "start": { "line": 35, "column": 22 }, "end": { "line": 35, "column": 34 } },
        "loc": { "start": { "line": 35, "column": 50 }, "end": { "line": 94, "column": null } }
      }
    },
    "branchMap": {
      "0": {
        "loc": { "start": { "line": 8, "column": 4 }, "end": { "line": 10, "column": 5 } },
        "type": "if",
        "locations": [{ "start": { "line": 8, "column": 4 }, "end": { "line": 10, "column": 5 } }]
      },
      "1": {
        "loc": { "start": { "line": 36, "column": 22 }, "end": { "line": 36, "column": null } },
        "type": "switch",
        "locations": [{ "start": { "line": 36, "column": 22 }, "end": { "line": 36, "column": null } }]
      },
      "2": {
        "loc": { "start": { "line": 53, "column": 2 }, "end": { "line": 59, "column": 3 } },
        "type": "if",
        "locations": [{ "start": { "line": 53, "column": 2 }, "end": { "line": 59, "column": 3 } }]
      },
      "3": {
        "loc": { "start": { "line": 86, "column": 26 }, "end": { "line": 86, "column": 72 } },
        "type": "cond-expr",
        "locations": [
          { "start": { "line": 86, "column": 39 }, "end": { "line": 86, "column": 54 } },
          { "start": { "line": 86, "column": 57 }, "end": { "line": 86, "column": 72 } }
        ]
      }
    },
    "s": {
      "0": 2,
      "1": 2,
      "2": 6,
      "3": 6,
      "4": 6,
      "5": 6,
      "6": 15,
      "7": 15,
      "8": 5,
      "9": 1,
      "10": 16,
      "11": 16,
      "12": 64,
      "13": 4,
      "14": 4,
      "15": 4,
      "16": 4,
      "17": 4,
      "18": 4,
      "19": 4,
      "20": 4,
      "21": 4,
      "22": 6,
      "23": 6,
      "24": 454,
      "25": 4,
      "26": 2,
      "27": 2,
      "28": 200,
      "29": 4,
      "30": 4,
      "31": 4,
      "32": 4,
      "33": 4,
      "34": 4,
      "35": 4,
      "36": 4,
      "37": 4,
      "38": 4,
      "39": 4,
      "40": 4,
      "41": 4,
      "42": 4,
      "43": 4,
      "44": 4,
      "45": 4,
      "46": 4,
      "47": 4,
      "48": 254,
      "49": 254,
      "50": 254,
      "51": 8,
      "52": 4
    },
    "f": { "0": 6, "1": 16, "2": 4 },
    "b": { "0": [5], "1": [4], "2": [2], "3": [1, 253] }
  }
}
